\BOOKMARK [0][-]{chapter.1}{\376\377\000I\000N\000T\000R\000O\000D\000U\000C\000C\000I\000\323\000N}{}% 1
\BOOKMARK [0][-]{chapter.2}{\376\377\000O\000B\000J\000E\000T\000I\000V\000O\000S}{}% 2
\BOOKMARK [0][-]{chapter.3}{\376\377\000F\000U\000N\000D\000A\000M\000E\000N\000T\000O\000S\000\040\000Y\000\040\000T\000R\000A\000B\000A\000J\000O\000\040\000P\000R\000E\000V\000I\000O}{}% 3
\BOOKMARK [1][-]{section.3.1}{\376\377\000I\000M\000\301\000G\000E\000N\000E\000S\000\040\000D\000E\000L\000\040\000F\000O\000N\000D\000O\000\040\000D\000E\000\040\000O\000J\000O}{chapter.3}% 4
\BOOKMARK [1][-]{section.3.2}{\376\377\000R\000E\000T\000I\000N\000O\000P\000A\000T\000\315\000A\000\040\000D\000I\000A\000B\000\311\000T\000I\000C\000A}{chapter.3}% 5
\BOOKMARK [1][-]{section.3.3}{\376\377\000C\000L\000A\000S\000I\000F\000I\000C\000A\000C\000I\000\323\000N\000\040\000D\000E\000\040\000L\000A\000\040\000R\000E\000T\000I\000N\000O\000P\000A\000T\000\315\000A\000\040\000D\000I\000A\000B\000\311\000T\000I\000C\000A\000\040\000E\000N\000\040\000I\000M\000\301\000G\000E\000N\000E\000S\000\040\000D\000E\000L\000\040\000F\000O\000N\000D\000O\000\040\000D\000E\000\040\000O\000J\000O}{chapter.3}% 6
\BOOKMARK [1][-]{section.3.4}{\376\377\000I\000N\000T\000E\000L\000I\000G\000E\000N\000C\000I\000A\000\040\000A\000R\000T\000I\000F\000I\000C\000I\000A\000L}{chapter.3}% 7
\BOOKMARK [2][-]{subsection.3.4.1}{\376\377\000A\000P\000R\000E\000N\000D\000I\000Z\000A\000J\000E\000\040\000A\000U\000T\000O\000M\000\301\000T\000I\000C\000O}{section.3.4}% 8
\BOOKMARK [2][-]{subsection.3.4.2}{\376\377\000R\000E\000D\000E\000S\000\040\000N\000E\000U\000R\000O\000N\000A\000L\000E\000S\000\040\000C\000O\000N\000V\000O\000L\000U\000C\000I\000O\000N\000A\000L\000E\000S}{section.3.4}% 9
\BOOKMARK [2][-]{subsection.3.4.3}{\376\377\000S\000O\000B\000R\000E\000A\000J\000U\000S\000T\000E\000\040\000Y\000\040\000R\000E\000G\000U\000L\000A\000R\000I\000Z\000A\000C\000I\000\323\000N}{section.3.4}% 10
\BOOKMARK [2][-]{subsection.3.4.4}{\376\377\000A\000P\000R\000E\000N\000D\000I\000Z\000A\000J\000E\000\040\000P\000O\000R\000\040\000T\000R\000A\000N\000S\000F\000E\000R\000E\000N\000C\000I\000A}{section.3.4}% 11
\BOOKMARK [1][-]{section.3.5}{\376\377\000A\000R\000Q\000U\000I\000T\000E\000C\000T\000U\000R\000A\000S\000\040\000D\000E\000\040\000R\000E\000D\000E\000S\000\040\000N\000E\000U\000R\000O\000N\000A\000L\000E\000S\000\040\000C\000O\000N\000V\000O\000L\000U\000C\000I\000O\000N\000A\000L\000E\000S\000\040\000U\000T\000I\000L\000I\000Z\000A\000D\000A\000S}{chapter.3}% 12
\BOOKMARK [2][-]{subsection.3.5.1}{\376\377\000M\000O\000B\000I\000L\000E\000N\000E\000T\000V\0002}{section.3.5}% 13
\BOOKMARK [2][-]{subsection.3.5.2}{\376\377\000R\000E\000S\000N\000E\000T\0005\0000\000V\0002}{section.3.5}% 14
\BOOKMARK [2][-]{subsection.3.5.3}{\376\377\000I\000N\000C\000E\000P\000T\000I\000O\000N\000V\0003}{section.3.5}% 15
\BOOKMARK [2][-]{subsection.3.5.4}{\376\377\000V\000G\000G\0001\0009}{section.3.5}% 16
\BOOKMARK [2][-]{subsection.3.5.5}{\376\377\000C\000o\000m\000p\000a\000r\000a\000c\000i\000\363\000n\000\040\000d\000e\000\040\000a\000r\000q\000u\000i\000t\000e\000c\000t\000u\000r\000a\000s}{section.3.5}% 17
\BOOKMARK [1][-]{section.3.6}{\376\377\000T\000R\000A\000B\000A\000J\000O\000S\000\040\000P\000R\000E\000V\000I\000O\000S}{chapter.3}% 18
\BOOKMARK [2][-]{subsection.3.6.1}{\376\377\000E\000n\000f\000o\000q\000u\000e\000s\000\040\000c\000o\000n\000\040\000C\000N\000N\000\040\000p\000e\000r\000s\000o\000n\000a\000l\000i\000z\000a\000d\000a\000s}{section.3.6}% 19
\BOOKMARK [2][-]{subsection.3.6.2}{\376\377\000E\000n\000f\000o\000q\000u\000e\000s\000\040\000c\000o\000n\000\040\000a\000r\000q\000u\000i\000t\000e\000c\000t\000u\000r\000a\000s\000\040\000p\000r\000e\000e\000n\000t\000r\000e\000n\000a\000d\000a\000s}{section.3.6}% 20
\BOOKMARK [2][-]{subsection.3.6.3}{\376\377\000E\000n\000f\000o\000q\000u\000e\000s\000\040\000c\000o\000n\000\040\000m\000o\000d\000i\000f\000i\000c\000a\000c\000i\000o\000n\000e\000s\000\040\000a\000r\000q\000u\000i\000t\000e\000c\000t\000\363\000n\000i\000c\000a\000s\000\040\000i\000n\000n\000o\000v\000a\000d\000o\000r\000a\000s}{section.3.6}% 21
\BOOKMARK [2][-]{subsection.3.6.4}{\376\377\000L\000i\000m\000i\000t\000a\000c\000i\000o\000n\000e\000s\000\040\000y\000\040\000b\000r\000e\000c\000h\000a\000s\000\040\000d\000e\000\040\000i\000n\000v\000e\000s\000t\000i\000g\000a\000c\000i\000\363\000n}{section.3.6}% 22
\BOOKMARK [2][-]{subsection.3.6.5}{\376\377\000C\000o\000n\000t\000r\000i\000b\000u\000c\000i\000\363\000n\000\040\000d\000e\000l\000\040\000p\000r\000e\000s\000e\000n\000t\000e\000\040\000t\000r\000a\000b\000a\000j\000o}{section.3.6}% 23
\BOOKMARK [0][-]{chapter.4}{\376\377\000M\000E\000T\000O\000D\000O\000L\000O\000G\000\315\000A}{}% 24
\BOOKMARK [1][-]{section.4.1}{\376\377\000C\000O\000N\000J\000U\000N\000T\000O\000S\000\040\000D\000E\000\040\000D\000A\000T\000O\000S}{chapter.4}% 25
\BOOKMARK [2][-]{subsection.4.1.1}{\376\377\000D\000a\000t\000a\000s\000e\000t\000\040\000d\000e\000\040\000K\000a\000g\000g\000l\000e\000\040\000\050\000E\000n\000t\000r\000e\000n\000a\000m\000i\000e\000n\000t\000o\000\051}{section.4.1}% 26
\BOOKMARK [2][-]{subsection.4.1.2}{\376\377\000M\000E\000S\000S\000I\000D\000O\000R\000-\0002\000\040\000\050\000V\000a\000l\000i\000d\000a\000c\000i\000\363\000n\000\040\000e\000x\000t\000e\000r\000n\000a\000\051}{section.4.1}% 27
\BOOKMARK [2][-]{subsection.4.1.3}{\376\377\000I\000D\000R\000i\000D\000\040\000\050\000V\000a\000l\000i\000d\000a\000c\000i\000\363\000n\000\040\000e\000x\000t\000e\000r\000n\000a\000\051}{section.4.1}% 28
\BOOKMARK [2][-]{subsection.4.1.4}{\376\377\000F\000O\000S\000C\000A\000L\000\040\000\050\000V\000a\000l\000i\000d\000a\000c\000i\000\363\000n\000\040\000e\000x\000t\000e\000r\000n\000a\000\051}{section.4.1}% 29
\BOOKMARK [2][-]{subsection.4.1.5}{\376\377\000D\000i\000s\000t\000r\000i\000b\000u\000c\000i\000\363\000n\000\040\000d\000e\000\040\000d\000a\000t\000o\000s}{section.4.1}% 30
\BOOKMARK [2][-]{subsection.4.1.6}{\376\377\000D\000i\000v\000i\000s\000i\000\363\000n\000\040\000d\000e\000\040\000d\000a\000t\000o\000s\000\040\000p\000a\000r\000a\000\040\000e\000n\000t\000r\000e\000n\000a\000m\000i\000e\000n\000t\000o\000\040\000y\000\040\000v\000a\000l\000i\000d\000a\000c\000i\000\363\000n}{section.4.1}% 31
\BOOKMARK [1][-]{section.4.2}{\376\377\000P\000R\000E\000P\000R\000O\000C\000E\000S\000A\000M\000I\000E\000N\000T\000O\000\040\000D\000E\000\040\000L\000A\000S\000\040\000I\000M\000\301\000G\000E\000N\000E\000S}{chapter.4}% 32
\BOOKMARK [2][-]{subsection.4.2.1}{\376\377\000D\000e\000p\000u\000r\000a\000c\000i\000\363\000n\000\040\000d\000e\000\040\000i\000m\000\341\000g\000e\000n\000e\000s\000\040\000d\000e\000f\000e\000c\000t\000u\000o\000s\000a\000s}{section.4.2}% 33
\BOOKMARK [2][-]{subsection.4.2.2}{\376\377\000B\000a\000l\000a\000n\000c\000e\000o\000\040\000d\000e\000\040\000c\000l\000a\000s\000e\000s}{section.4.2}% 34
\BOOKMARK [2][-]{subsection.4.2.3}{\376\377\000A\000u\000m\000e\000n\000t\000o\000\040\000d\000e\000\040\000d\000a\000t\000o\000s}{section.4.2}% 35
\BOOKMARK [2][-]{subsection.4.2.4}{\376\377\000F\000i\000l\000t\000r\000a\000d\000o\000\040\000y\000\040\000r\000e\000a\000l\000c\000e\000\040\000d\000e\000\040\000c\000a\000r\000a\000c\000t\000e\000r\000\355\000s\000t\000i\000c\000a\000s}{section.4.2}% 36
\BOOKMARK [1][-]{section.4.3}{\376\377\000T\000E\000C\000N\000O\000L\000O\000G\000\315\000A\000S\000\040\000E\000M\000P\000L\000E\000A\000D\000A\000S\000\040\000E\000N\000\040\000E\000L\000\040\000D\000E\000S\000A\000R\000R\000O\000L\000L\000O}{chapter.4}% 37
\BOOKMARK [2][-]{subsection.4.3.1}{\376\377\000L\000e\000n\000g\000u\000a\000j\000e\000\040\000d\000e\000\040\000p\000r\000o\000g\000r\000a\000m\000a\000c\000i\000\363\000n}{section.4.3}% 38
\BOOKMARK [2][-]{subsection.4.3.2}{\376\377\000E\000n\000t\000o\000r\000n\000o\000\040\000d\000e\000\040\000d\000e\000s\000a\000r\000r\000o\000l\000l\000o\000\040\000i\000n\000t\000e\000g\000r\000a\000d\000o\000\040\000\050\000I\000D\000E\000\051}{section.4.3}% 39
\BOOKMARK [2][-]{subsection.4.3.3}{\376\377\000B\000i\000b\000l\000i\000o\000t\000e\000c\000a\000s\000\040\000y\000\040\000f\000r\000a\000m\000e\000w\000o\000r\000k\000s}{section.4.3}% 40
\BOOKMARK [2][-]{subsection.4.3.4}{\376\377\000E\000s\000p\000e\000c\000i\000f\000i\000c\000a\000c\000i\000o\000n\000e\000s\000\040\000d\000e\000\040\000h\000a\000r\000d\000w\000a\000r\000e\000\040\000y\000\040\000t\000i\000e\000m\000p\000o\000s\000\040\000d\000e\000\040\000e\000n\000t\000r\000e\000n\000a\000m\000i\000e\000n\000t\000o}{section.4.3}% 41
\BOOKMARK [1][-]{section.4.4}{\376\377\000C\000O\000N\000F\000I\000G\000U\000R\000A\000C\000I\000\323\000N\000\040\000E\000X\000P\000E\000R\000I\000M\000E\000N\000T\000A\000L\000\040\000Y\000\040\000E\000N\000T\000R\000E\000N\000A\000M\000I\000E\000N\000T\000O}{chapter.4}% 42
\BOOKMARK [2][-]{subsection.4.4.1}{\376\377\000C\000o\000n\000f\000i\000g\000u\000r\000a\000c\000i\000\363\000n\000\040\000c\000o\000m\000\372\000n\000\040\000p\000a\000r\000a\000\040\000a\000m\000b\000o\000s\000\040\000c\000l\000a\000s\000i\000f\000i\000c\000a\000d\000o\000r\000e\000s}{section.4.4}% 43
\BOOKMARK [2][-]{subsection.4.4.2}{\376\377\000C\000o\000n\000f\000i\000g\000u\000r\000a\000c\000i\000\363\000n\000\040\000e\000x\000p\000e\000r\000i\000m\000e\000n\000t\000a\000l\000\040\000p\000a\000r\000a\000\040\000e\000l\000\040\000c\000l\000a\000s\000i\000f\000i\000c\000a\000d\000o\000r\000\040\000b\000i\000n\000a\000r\000i\000o}{section.4.4}% 44
\BOOKMARK [2][-]{subsection.4.4.3}{\376\377\000C\000o\000n\000f\000i\000g\000u\000r\000a\000c\000i\000\363\000n\000\040\000e\000x\000p\000e\000r\000i\000m\000e\000n\000t\000a\000l\000\040\000p\000a\000r\000a\000\040\000e\000l\000\040\000c\000l\000a\000s\000i\000f\000i\000c\000a\000d\000o\000r\000\040\000m\000u\000l\000t\000i\000c\000l\000a\000s\000e}{section.4.4}% 45
\BOOKMARK [2][-]{subsection.4.4.4}{\376\377\000A\000r\000q\000u\000i\000t\000e\000c\000t\000u\000r\000a\000\040\000c\000o\000m\000p\000l\000e\000t\000a\000\040\000d\000e\000l\000\040\000m\000o\000d\000e\000l\000o}{section.4.4}% 46
\BOOKMARK [2][-]{subsection.4.4.5}{\376\377\000R\000e\000p\000r\000o\000d\000u\000c\000i\000b\000i\000l\000i\000d\000a\000d\000\040\000y\000\040\000d\000i\000s\000p\000o\000n\000i\000b\000i\000l\000i\000d\000a\000d\000\040\000d\000e\000\040\000c\000\363\000d\000i\000g\000o}{section.4.4}% 47
\BOOKMARK [1][-]{section.4.5}{\376\377\000M\000\311\000T\000R\000I\000C\000A\000S\000\040\000D\000E\000\040\000E\000V\000A\000L\000U\000A\000C\000I\000\323\000N}{chapter.4}% 48
\BOOKMARK [0][-]{chapter.5}{\376\377\000R\000E\000S\000U\000L\000T\000A\000D\000O\000S\000\040\000E\000X\000P\000E\000R\000I\000M\000E\000N\000T\000A\000L\000E\000S}{}% 49
\BOOKMARK [1][-]{section.5.1}{\376\377\000C\000L\000A\000S\000I\000F\000I\000C\000A\000C\000I\000\323\000N\000\040\000B\000I\000N\000A\000R\000I\000A}{chapter.5}% 50
\BOOKMARK [2][-]{subsection.5.1.1}{\376\377\000C\000o\000m\000p\000a\000r\000a\000c\000i\000\363\000n\000\040\000d\000e\000\040\000a\000r\000q\000u\000i\000t\000e\000c\000t\000u\000r\000a\000s\000\040\000C\000N\000N\000\040\000p\000r\000e\000e\000n\000t\000r\000e\000n\000a\000d\000a\000s}{section.5.1}% 51
\BOOKMARK [2][-]{subsection.5.1.2}{\376\377\000I\000m\000p\000a\000c\000t\000o\000\040\000d\000e\000l\000\040\000p\000r\000e\000p\000r\000o\000c\000e\000s\000a\000m\000i\000e\000n\000t\000o\000\040\000m\000e\000d\000i\000a\000n\000t\000e\000\040\000f\000i\000l\000t\000r\000a\000d\000o}{section.5.1}% 52
\BOOKMARK [2][-]{subsection.5.1.3}{\376\377\000O\000p\000t\000i\000m\000i\000z\000a\000c\000i\000\363\000n\000\040\000d\000e\000l\000\040\000u\000m\000b\000r\000a\000l\000\040\000d\000e\000\040\000d\000e\000c\000i\000s\000i\000\363\000n}{section.5.1}% 53
\BOOKMARK [2][-]{subsection.5.1.4}{\376\377\000A\000n\000\341\000l\000i\000s\000i\000s\000\040\000e\000s\000t\000a\000d\000\355\000s\000t\000i\000c\000o\000\040\000m\000e\000d\000i\000a\000n\000t\000e\000\040\000b\000o\000o\000t\000s\000t\000r\000a\000p}{section.5.1}% 54
\BOOKMARK [2][-]{subsection.5.1.5}{\376\377\000V\000a\000l\000i\000d\000a\000c\000i\000\363\000n\000\040\000e\000x\000t\000e\000r\000n\000a\000\040\000u\000t\000i\000l\000i\000z\000a\000n\000d\000o\000\040\000e\000l\000\040\000m\000e\000j\000o\000r\000\040\000m\000o\000d\000e\000l\000o}{section.5.1}% 55
\BOOKMARK [2][-]{subsection.5.1.6}{\376\377\000C\000o\000m\000p\000a\000r\000a\000c\000i\000\363\000n\000\040\000c\000o\000n\000\040\000t\000r\000a\000b\000a\000j\000o\000s\000\040\000p\000r\000e\000v\000i\000o\000s\000\040\000e\000n\000\040\000e\000l\000\040\000e\000s\000t\000a\000d\000o\000\040\000d\000e\000l\000\040\000a\000r\000t\000e}{section.5.1}% 56
\BOOKMARK [1][-]{section.5.2}{\376\377\000C\000L\000A\000S\000I\000F\000I\000C\000A\000C\000I\000\323\000N\000\040\000M\000U\000L\000T\000I\000C\000L\000A\000S\000E}{chapter.5}% 57
\BOOKMARK [2][-]{subsection.5.2.1}{\376\377\000R\000e\000s\000u\000l\000t\000a\000d\000o\000s\000\040\000c\000o\000n\000\040\000i\000m\000\341\000g\000e\000n\000e\000s\000\040\000R\000G\000B}{section.5.2}% 58
\BOOKMARK [2][-]{subsection.5.2.2}{\376\377\000A\000n\000\341\000l\000i\000s\000i\000s\000\040\000c\000o\000m\000p\000a\000r\000a\000t\000i\000v\000o\000\040\000p\000o\000r\000\040\000c\000a\000n\000a\000l\000\040\000d\000e\000\040\000c\000o\000l\000o\000r}{section.5.2}% 59
\BOOKMARK [2][-]{subsection.5.2.3}{\376\377\000P\000a\000t\000r\000o\000n\000e\000s\000\040\000d\000e\000\040\000c\000o\000n\000f\000u\000s\000i\000\363\000n\000\040\000y\000\040\000d\000i\000f\000i\000c\000u\000l\000t\000a\000d\000e\000s\000\040\000e\000n\000\040\000c\000l\000a\000s\000i\000f\000i\000c\000a\000c\000i\000\363\000n\000\040\000m\000u\000l\000t\000i\000c\000l\000a\000s\000e}{section.5.2}% 60
\BOOKMARK [0][-]{chapter.6}{\376\377\000D\000I\000S\000C\000U\000S\000I\000\323\000N}{}% 61
\BOOKMARK [0][-]{chapter.7}{\376\377\000C\000O\000N\000C\000L\000U\000S\000I\000O\000N\000E\000S}{}% 62
\BOOKMARK [0][-]{chapter.8}{\376\377\000T\000R\000A\000B\000A\000J\000O\000\040\000A\000\040\000F\000U\000T\000U\000R\000O}{}% 63
\BOOKMARK [0][-]{chapter*.42}{\376\377\000B\000I\000B\000L\000I\000O\000G\000R\000A\000F\000\315\000A}{}% 64
