This is pdfTeX, Version 3.141592653-2.6-1.40.27 (TeX Live 2026/dev/Arch Linux) (preloaded format=pdflatex 2026.2.25)  1 MAR 2026 16:37
entering extended mode
 restricted \write18 enabled.
 file:line:error style messages enabled.
 %&-line parsing enabled.
**/home/oscar/Downloads/tesis_RD/main_file.tex
(/home/oscar/Downloads/tesis_RD/main_file.tex
LaTeX2e <2024-11-01> patch level 2
L3 programming layer <2025-01-18>
(/usr/share/texmf-dist/tex/latex/base/report.cls
Document Class: report 2024/06/29 v1.4n Standard LaTeX document class
(/usr/share/texmf-dist/tex/latex/base/size12.clo
File: size12.clo 2024/06/29 v1.4n Standard LaTeX file (size option)
)
\c@part=\count196
\c@chapter=\count197
\c@section=\count198
\c@subsection=\count199
\c@subsubsection=\count266
\c@paragraph=\count267
\c@subparagraph=\count268
\c@figure=\count269
\c@table=\count270
\abovecaptionskip=\skip49
\belowcaptionskip=\skip50
\bibindent=\dimen141
) (/usr/share/texmf-dist/tex/latex/base/inputenc.sty
Package: inputenc 2024/02/08 v1.3d Input encoding file
\inpenc@prehook=\toks17
\inpenc@posthook=\toks18
) (/usr/share/texmf-dist/tex/latex/csquotes/csquotes.sty
Package: csquotes 2024-04-04 v5.2o context-sensitive quotations (JAW)
 (/usr/share/texmf-dist/tex/latex/etoolbox/etoolbox.sty
Package: etoolbox 2025/02/11 v2.5l e-TeX tools for LaTeX (JAW)
\etb@tempcnta=\count271
) (/usr/share/texmf-dist/tex/latex/graphics/keyval.sty
Package: keyval 2022/05/29 v1.15 key=value parser (DPC)
\KV@toks@=\toks19
)
\csq@reset=\count272
\csq@gtype=\count273
\csq@glevel=\count274
\csq@qlevel=\count275
\csq@maxlvl=\count276
\csq@tshold=\count277
\csq@ltx@everypar=\toks20
 (/usr/share/texmf-dist/tex/latex/csquotes/csquotes.def
File: csquotes.def 2024-04-04 v5.2o csquotes generic definitions (JAW)
)
Package csquotes Info: Trying to load configuration file 'csquotes.cfg'...
Package csquotes Info: ... configuration file loaded successfully.
 (/usr/share/texmf-dist/tex/latex/csquotes/csquotes.cfg
File: csquotes.cfg 
)) (/usr/share/texmf-dist/tex/generic/babel/babel.sty
Package: babel 2025/02/14 v25.4 The multilingual framework for pdfLaTeX, LuaLaTeX and XeLaTeX
\babel@savecnt=\count278
\U@D=\dimen142
\l@unhyphenated=\language6
 (/usr/share/texmf-dist/tex/generic/babel/txtbabel.def)
\bbl@readstream=\read2
\bbl@dirlevel=\count279
 (/usr/share/texmf-dist/tex/generic/babel-spanish/spanish.ldf
Language: spanish.ldf 2021/05/27 v5.0q Spanish support from the babel system
\es@quottoks=\toks21
\es@quotdepth=\count280
Package babel Info: Making " an active character on input line 570.
Package babel Info: Making . an active character on input line 675.
Package babel Info: Making < an active character on input line 722.
Package babel Info: Making > an active character on input line 722.
)) (/usr/share/texmf-dist/tex/generic/babel/locale/es/babel-spanish.tex
Package babel Info: Importing font and identification data for spanish
(babel)             from babel-es.ini. Reported on input line 11.
) (./icontec_style.sty (/usr/share/texmf-dist/tex/latex/xcolor/xcolor.sty
Package: xcolor 2024/09/29 v3.02 LaTeX color extensions (UK)
 (/usr/share/texmf-dist/tex/latex/graphics-cfg/color.cfg
File: color.cfg 2016/01/02 v1.6 sample color configuration
)
Package xcolor Info: Driver file: pdftex.def on input line 274.
 (/usr/share/texmf-dist/tex/latex/graphics-def/pdftex.def
File: pdftex.def 2024/04/13 v1.2c Graphics/color driver for pdftex
) (/usr/share/texmf-dist/tex/latex/graphics/mathcolor.ltx)
Package xcolor Info: Model `cmy' substituted by `cmy0' on input line 1349.
Package xcolor Info: Model `hsb' substituted by `rgb' on input line 1353.
Package xcolor Info: Model `RGB' extended on input line 1365.
Package xcolor Info: Model `HTML' substituted by `rgb' on input line 1367.
Package xcolor Info: Model `Hsb' substituted by `hsb' on input line 1368.
Package xcolor Info: Model `tHsb' substituted by `hsb' on input line 1369.
Package xcolor Info: Model `HSB' substituted by `hsb' on input line 1370.
Package xcolor Info: Model `Gray' substituted by `gray' on input line 1371.
Package xcolor Info: Model `wave' substituted by `hsb' on input line 1372.
) (/usr/share/texmf-dist/tex/latex/hyperref/hyperref.sty
Package: hyperref 2024-11-05 v7.01l Hypertext links for LaTeX
 (/usr/share/texmf-dist/tex/generic/iftex/iftex.sty
Package: iftex 2024/12/12 v1.0g TeX engine tests
) (/usr/share/texmf-dist/tex/latex/kvsetkeys/kvsetkeys.sty
Package: kvsetkeys 2022-10-05 v1.19 Key value parser (HO)
) (/usr/share/texmf-dist/tex/generic/kvdefinekeys/kvdefinekeys.sty
Package: kvdefinekeys 2019-12-19 v1.6 Define keys (HO)
) (/usr/share/texmf-dist/tex/generic/pdfescape/pdfescape.sty
Package: pdfescape 2019/12/09 v1.15 Implements pdfTeX's escape features (HO)
 (/usr/share/texmf-dist/tex/generic/ltxcmds/ltxcmds.sty
Package: ltxcmds 2023-12-04 v1.26 LaTeX kernel commands for general use (HO)
) (/usr/share/texmf-dist/tex/generic/pdftexcmds/pdftexcmds.sty
Package: pdftexcmds 2020-06-27 v0.33 Utility functions of pdfTeX for LuaTeX (HO)
 (/usr/share/texmf-dist/tex/generic/infwarerr/infwarerr.sty
Package: infwarerr 2019/12/03 v1.5 Providing info/warning/error messages (HO)
)
Package pdftexcmds Info: \pdf@primitive is available.
Package pdftexcmds Info: \pdf@ifprimitive is available.
Package pdftexcmds Info: \pdfdraftmode found.
)) (/usr/share/texmf-dist/tex/latex/hycolor/hycolor.sty
Package: hycolor 2020-01-27 v1.10 Color options for hyperref/bookmark (HO)
) (/usr/share/texmf-dist/tex/latex/hyperref/nameref.sty
Package: nameref 2023-11-26 v2.56 Cross-referencing by name of section
 (/usr/share/texmf-dist/tex/latex/refcount/refcount.sty
Package: refcount 2019/12/15 v3.6 Data extraction from label references (HO)
) (/usr/share/texmf-dist/tex/generic/gettitlestring/gettitlestring.sty
Package: gettitlestring 2019/12/15 v1.6 Cleanup title references (HO)
 (/usr/share/texmf-dist/tex/latex/kvoptions/kvoptions.sty
Package: kvoptions 2022-06-15 v3.15 Key value format for package options (HO)
))
\c@section@level=\count281
) (/usr/share/texmf-dist/tex/generic/stringenc/stringenc.sty
Package: stringenc 2019/11/29 v1.12 Convert strings between diff. encodings (HO)
)
\@linkdim=\dimen143
\Hy@linkcounter=\count282
\Hy@pagecounter=\count283
 (/usr/share/texmf-dist/tex/latex/hyperref/pd1enc.def
File: pd1enc.def 2024-11-05 v7.01l Hyperref: PDFDocEncoding definition (HO)
Now handling font encoding PD1 ...
... no UTF-8 mapping file for font encoding PD1
) (/usr/share/texmf-dist/tex/generic/intcalc/intcalc.sty
Package: intcalc 2019/12/15 v1.3 Expandable calculations with integers (HO)
)
\Hy@SavedSpaceFactor=\count284
 (/usr/share/texmf-dist/tex/latex/hyperref/puenc.def
File: puenc.def 2024-11-05 v7.01l Hyperref: PDF Unicode definition (HO)
Now handling font encoding PU ...
... no UTF-8 mapping file for font encoding PU
)
Package hyperref Info: Hyper figures OFF on input line 4157.
Package hyperref Info: Link nesting OFF on input line 4162.
Package hyperref Info: Hyper index ON on input line 4165.
Package hyperref Info: Plain pages OFF on input line 4172.
Package hyperref Info: Backreferencing OFF on input line 4177.
Package hyperref Info: Implicit mode ON; LaTeX internals redefined.
Package hyperref Info: Bookmarks ON on input line 4424.
\c@Hy@tempcnt=\count285
 (/usr/share/texmf-dist/tex/latex/url/url.sty
\Urlmuskip=\muskip17
Package: url 2013/09/16  ver 3.4  Verb mode for urls, etc.
)
LaTeX Info: Redefining \url on input line 4763.
\XeTeXLinkMargin=\dimen144
 (/usr/share/texmf-dist/tex/generic/bitset/bitset.sty
Package: bitset 2019/12/09 v1.3 Handle bit-vector datatype (HO)
 (/usr/share/texmf-dist/tex/generic/bigintcalc/bigintcalc.sty
Package: bigintcalc 2019/12/15 v1.5 Expandable calculations on big integers (HO)
))
\Fld@menulength=\count286
\Field@Width=\dimen145
\Fld@charsize=\dimen146
Package hyperref Info: Hyper figures OFF on input line 6042.
Package hyperref Info: Link nesting OFF on input line 6047.
Package hyperref Info: Hyper index ON on input line 6050.
Package hyperref Info: backreferencing OFF on input line 6057.
Package hyperref Info: Link coloring OFF on input line 6062.
Package hyperref Info: Link coloring with OCG OFF on input line 6067.
Package hyperref Info: PDF/A mode OFF on input line 6072.
 (/usr/share/texmf-dist/tex/latex/base/atbegshi-ltx.sty
Package: atbegshi-ltx 2021/01/10 v1.0c Emulation of the original atbegshi
package with kernel methods
)
\Hy@abspage=\count287
\c@Item=\count288
\c@Hfootnote=\count289
)
Package hyperref Info: Driver (autodetected): hpdftex.
 (/usr/share/texmf-dist/tex/latex/hyperref/hpdftex.def
File: hpdftex.def 2024-11-05 v7.01l Hyperref driver for pdfTeX
 (/usr/share/texmf-dist/tex/latex/base/atveryend-ltx.sty
Package: atveryend-ltx 2020/08/19 v1.0a Emulation of the original atveryend package
with kernel methods
)
\Fld@listcount=\count290
\c@bookmark@seq@number=\count291
 (/usr/share/texmf-dist/tex/latex/rerunfilecheck/rerunfilecheck.sty
Package: rerunfilecheck 2022-07-10 v1.10 Rerun checks for auxiliary files (HO)
 (/usr/share/texmf-dist/tex/generic/uniquecounter/uniquecounter.sty
Package: uniquecounter 2019/12/15 v1.4 Provide unlimited unique counter (HO)
)
Package uniquecounter Info: New unique counter `rerunfilecheck' on input line 285.
)
\Hy@SectionHShift=\skip51
) (/usr/share/texmf-dist/tex/latex/titlesec/titlesec.sty
Package: titlesec 2025/01/04 v2.17 Sectioning titles
\ttl@box=\box52
\beforetitleunit=\skip52
\aftertitleunit=\skip53
\ttl@plus=\dimen147
\ttl@minus=\dimen148
\ttl@toksa=\toks22
\titlewidth=\dimen149
\titlewidthlast=\dimen150
\titlewidthfirst=\dimen151
) (/usr/share/texmf-dist/tex/latex/titlesec/titletoc.sty
Package: titletoc 2025/01/04 v2.17 TOC entries
\ttl@leftsep=\dimen152
) (/usr/share/texmf-dist/tex/latex/tocloft/tocloft.sty
Package: tocloft 2017/08/31 v2.3i parameterised ToC, etc., typesetting
Package tocloft Info: The document has chapter divisions on input line 51.
\cftparskip=\skip54
\cftbeforetoctitleskip=\skip55
\cftaftertoctitleskip=\skip56
\cftbeforepartskip=\skip57
\cftpartnumwidth=\skip58
\cftpartindent=\skip59
\cftbeforechapskip=\skip60
\cftchapindent=\skip61
\cftchapnumwidth=\skip62
\cftbeforesecskip=\skip63
\cftsecindent=\skip64
\cftsecnumwidth=\skip65
\cftbeforesubsecskip=\skip66
\cftsubsecindent=\skip67
\cftsubsecnumwidth=\skip68
\cftbeforesubsubsecskip=\skip69
\cftsubsubsecindent=\skip70
\cftsubsubsecnumwidth=\skip71
\cftbeforeparaskip=\skip72
\cftparaindent=\skip73
\cftparanumwidth=\skip74
\cftbeforesubparaskip=\skip75
\cftsubparaindent=\skip76
\cftsubparanumwidth=\skip77
\cftbeforeloftitleskip=\skip78
\cftafterloftitleskip=\skip79
\cftbeforefigskip=\skip80
\cftfigindent=\skip81
\cftfignumwidth=\skip82
\cftbeforelottitleskip=\skip83
\cftafterlottitleskip=\skip84
\cftbeforetabskip=\skip85
\cfttabindent=\skip86
\cfttabnumwidth=\skip87
\cftbeforesubfigskip=\skip88
\cftsubfigindent=\skip89
\cftsubfignumwidth=\skip90
\cftbeforesubtabskip=\skip91
\cftsubtabindent=\skip92
\cftsubtabnumwidth=\skip93
) (/usr/share/texmf-dist/tex/latex/base/fontenc.sty
Package: fontenc 2021/04/29 v2.0v Standard LaTeX package
) (./chngcntr.sty
Package: chngcntr 2018/04/09 v1.1a change counter resetting
Package chngcntr Info: \counterwithout already defined.
(chngcntr)             Quitting chngcntr on input line 21.
) (/usr/share/texmf-dist/tex/latex/footmisc/footmisc.sty
Package: footmisc 2024/12/24 v6.0g a miscellany of footnote facilities
\FN@temptoken=\toks23
\footnotemargin=\dimen153
\@outputbox@depth=\dimen154
Package footmisc Info: Declaring symbol style bringhurst on input line 699.
Package footmisc Info: Declaring symbol style chicago on input line 707.
Package footmisc Info: Declaring symbol style wiley on input line 716.
Package footmisc Info: Declaring symbol style lamport-robust on input line 727.
Package footmisc Info: Declaring symbol style lamport* on input line 747.
Package footmisc Info: Declaring symbol style lamport*-robust on input line 768.
) (/usr/share/texmf-dist/tex/latex/caption/caption.sty
Package: caption 2023/08/05 v3.6o Customizing captions (AR)
 (/usr/share/texmf-dist/tex/latex/caption/caption3.sty
Package: caption3 2023/07/31 v2.4d caption3 kernel (AR)
\caption@tempdima=\dimen155
\captionmargin=\dimen156
\caption@leftmargin=\dimen157
\caption@rightmargin=\dimen158
\caption@width=\dimen159
\caption@indent=\dimen160
\caption@parindent=\dimen161
\caption@hangindent=\dimen162
Package caption Info: Standard document class detected.
)
\c@caption@flags=\count292
\c@continuedfloat=\count293
Package caption Info: hyperref package is loaded.
) (/usr/share/texmf-dist/tex/latex/geometry/geometry.sty
Package: geometry 2020/01/02 v5.9 Page Geometry
 (/usr/share/texmf-dist/tex/generic/iftex/ifvtex.sty
Package: ifvtex 2019/10/25 v1.7 ifvtex legacy package. Use iftex instead.
)
\Gm@cnth=\count294
\Gm@cntv=\count295
\c@Gm@tempcnt=\count296
\Gm@bindingoffset=\dimen163
\Gm@wd@mp=\dimen164
\Gm@odd@mp=\dimen165
\Gm@even@mp=\dimen166
\Gm@layoutwidth=\dimen167
\Gm@layoutheight=\dimen168
\Gm@layouthoffset=\dimen169
\Gm@layoutvoffset=\dimen170
\Gm@dimlist=\toks24
) (/usr/share/texmf-dist/tex/latex/biblatex/biblatex.sty
Package: biblatex 2024/03/21 v3.20 programmable bibliographies (PK/MW)
 (/usr/share/texmf-dist/tex/latex/logreq/logreq.sty
Package: logreq 2010/08/04 v1.0 xml request logger
\lrq@indent=\count297
 (/usr/share/texmf-dist/tex/latex/logreq/logreq.def
File: logreq.def 2010/08/04 v1.0 logreq spec v1.0
)) (/usr/share/texmf-dist/tex/latex/base/ifthen.sty
Package: ifthen 2024/03/16 v1.1e Standard LaTeX ifthen package (DPC)
)
\c@tabx@nest=\count298
\c@listtotal=\count299
\c@listcount=\count300
\c@liststart=\count301
\c@liststop=\count302
\c@citecount=\count303
\c@citetotal=\count304
\c@multicitecount=\count305
\c@multicitetotal=\count306
\c@instcount=\count307
\c@maxnames=\count308
\c@minnames=\count309
\c@maxitems=\count310
\c@minitems=\count311
\c@citecounter=\count312
\c@maxcitecounter=\count313
\c@savedcitecounter=\count314
\c@uniquelist=\count315
\c@uniquename=\count316
\c@refsection=\count317
\c@refsegment=\count318
\c@maxextratitle=\count319
\c@maxextratitleyear=\count320
\c@maxextraname=\count321
\c@maxextradate=\count322
\c@maxextraalpha=\count323
\c@abbrvpenalty=\count324
\c@highnamepenalty=\count325
\c@lownamepenalty=\count326
\c@maxparens=\count327
\c@parenlevel=\count328
\blx@tempcnta=\count329
\blx@tempcntb=\count330
\blx@tempcntc=\count331
\c@blx@maxsection=\count332
\blx@maxsegment@0=\count333
\blx@notetype=\count334
\blx@parenlevel@text=\count335
\blx@parenlevel@foot=\count336
\blx@sectionciteorder@0=\count337
\blx@sectionciteorderinternal@0=\count338
\blx@entrysetcounter=\count339
\blx@biblioinstance=\count340
\labelnumberwidth=\skip94
\labelalphawidth=\skip95
\biblabelsep=\skip96
\bibitemsep=\skip97
\bibnamesep=\skip98
\bibinitsep=\skip99
\bibparsep=\skip100
\bibhang=\skip101
\blx@bcfin=\read3
\blx@bcfout=\write3
\blx@langwohyphens=\language7
\c@mincomprange=\count341
\c@maxcomprange=\count342
\c@mincompwidth=\count343
Package biblatex Info: Trying to load biblatex default data model...
Package biblatex Info: ... file 'blx-dm.def' found.
 (/usr/share/texmf-dist/tex/latex/biblatex/blx-dm.def
File: blx-dm.def 2024/03/21 v3.20 biblatex datamodel (PK/MW)
)
Package biblatex Info: Trying to load biblatex style data model...
Package biblatex Info: ... file 'verbose-note.dbx' not found.
Package biblatex Info: Trying to load biblatex custom data model...
Package biblatex Info: ... file 'biblatex-dm.cfg' not found.
\c@afterword=\count344
\c@savedafterword=\count345
\c@annotator=\count346
\c@savedannotator=\count347
\c@author=\count348
\c@savedauthor=\count349
\c@bookauthor=\count350
\c@savedbookauthor=\count351
\c@commentator=\count352
\c@savedcommentator=\count353
\c@editor=\count354
\c@savededitor=\count355
\c@editora=\count356
\c@savededitora=\count357
\c@editorb=\count358
\c@savededitorb=\count359
\c@editorc=\count360
\c@savededitorc=\count361
\c@foreword=\count362
\c@savedforeword=\count363
\c@holder=\count364
\c@savedholder=\count365
\c@introduction=\count366
\c@savedintroduction=\count367
\c@namea=\count368
\c@savednamea=\count369
\c@nameb=\count370
\c@savednameb=\count371
\c@namec=\count372
\c@savednamec=\count373
\c@translator=\count374
\c@savedtranslator=\count375
\c@shortauthor=\count376
\c@savedshortauthor=\count377
\c@shorteditor=\count378
\c@savedshorteditor=\count379
\c@labelname=\count380
\c@savedlabelname=\count381
\c@institution=\count382
\c@savedinstitution=\count383
\c@lista=\count384
\c@savedlista=\count385
\c@listb=\count386
\c@savedlistb=\count387
\c@listc=\count388
\c@savedlistc=\count389
\c@listd=\count390
\c@savedlistd=\count391
\c@liste=\count392
\c@savedliste=\count393
\c@listf=\count394
\c@savedlistf=\count395
\c@location=\count396
\c@savedlocation=\count397
\c@organization=\count398
\c@savedorganization=\count399
\c@origlocation=\count400
\c@savedoriglocation=\count401
\c@origpublisher=\count402
\c@savedorigpublisher=\count403
\c@publisher=\count404
\c@savedpublisher=\count405
\c@language=\count406
\c@savedlanguage=\count407
\c@origlanguage=\count408
\c@savedoriglanguage=\count409
\c@pageref=\count410
\c@savedpageref=\count411
\shorthandwidth=\skip102
\shortjournalwidth=\skip103
\shortserieswidth=\skip104
\shorttitlewidth=\skip105
\shortauthorwidth=\skip106
\shorteditorwidth=\skip107
\locallabelnumberwidth=\skip108
\locallabelalphawidth=\skip109
\localshorthandwidth=\skip110
\localshortjournalwidth=\skip111
\localshortserieswidth=\skip112
\localshorttitlewidth=\skip113
\localshortauthorwidth=\skip114
\localshorteditorwidth=\skip115
Package biblatex Info: Trying to load compatibility code...
Package biblatex Info: ... file 'blx-compat.def' found.
 (/usr/share/texmf-dist/tex/latex/biblatex/blx-compat.def
File: blx-compat.def 2024/03/21 v3.20 biblatex compatibility (PK/MW)
)
Package biblatex Info: Trying to load BibTeX backend compatibility...
Package biblatex Info: ... file 'blx-bibtex.def' found.
 (/usr/share/texmf-dist/tex/latex/biblatex/blx-bibtex.def
File: blx-bibtex.def 2024/03/21 v3.20 biblatex compatibility (PK/MW)


Package biblatex Warning: Using fall-back bibtex backend:
(biblatex)                functionality may be reduced/unavailable.

)
Package biblatex Info: Trying to load generic definitions...
Package biblatex Info: ... file 'biblatex.def' found.
 (/usr/share/texmf-dist/tex/latex/biblatex/biblatex.def
File: biblatex.def 2024/03/21 v3.20 biblatex compatibility (PK/MW)
\c@textcitecount=\count412
\c@textcitetotal=\count413
\c@textcitemaxnames=\count414
\c@biburlbigbreakpenalty=\count415
\c@biburlbreakpenalty=\count416
\c@biburlnumpenalty=\count417
\c@biburlucpenalty=\count418
\c@biburllcpenalty=\count419
\biburlbigskip=\muskip18
\biburlnumskip=\muskip19
\biburlucskip=\muskip20
\biburllcskip=\muskip21
\c@smartand=\count420
)
Package biblatex Info: Trying to load bibliography style 'verbose-note'...
Package biblatex Info: ... file 'verbose-note.bbx' found.
 (/usr/share/texmf-dist/tex/latex/biblatex/bbx/verbose-note.bbx
File: verbose-note.bbx 2024/03/21 v3.20 biblatex bibliography style (PK/MW)
Package biblatex Info: Trying to load bibliography style 'authortitle'...
Package biblatex Info: ... file 'authortitle.bbx' found.
 (/usr/share/texmf-dist/tex/latex/biblatex/bbx/authortitle.bbx
File: authortitle.bbx 2024/03/21 v3.20 biblatex bibliography style (PK/MW)
Package biblatex Info: Trying to load bibliography style 'standard'...
Package biblatex Info: ... file 'standard.bbx' found.
 (/usr/share/texmf-dist/tex/latex/biblatex/bbx/standard.bbx
File: standard.bbx 2024/03/21 v3.20 biblatex bibliography style (PK/MW)
\c@bbx:relatedcount=\count421
\c@bbx:relatedtotal=\count422
)))
Package biblatex Info: Trying to load citation style 'verbose-note'...
Package biblatex Info: ... file 'verbose-note.cbx' found.
 (/usr/share/texmf-dist/tex/latex/biblatex/cbx/verbose-note.cbx
File: verbose-note.cbx 2024/03/21 v3.20 biblatex citation style (PK/MW)
Package biblatex Info: Redefining '\cite'.
Package biblatex Info: Redefining '\parencite'.
Package biblatex Info: Redefining '\footcite'.
Package biblatex Info: Redefining '\footcitetext'.
Package biblatex Info: Redefining '\smartcite'.
Package biblatex Info: Redefining '\textcite'.
Package biblatex Info: Redefining '\textcites'.
)
Package biblatex Info: Trying to load configuration file...
Package biblatex Info: ... file 'biblatex.cfg' found.
 (/usr/share/texmf-dist/tex/latex/biblatex/biblatex.cfg
File: biblatex.cfg 
)
Package biblatex Info: Input encoding 'utf8' detected.
Package biblatex Info: Document encoding is UTF8 ....
 (/usr/share/texmf-dist/tex/latex/l3kernel/expl3.sty
Package: expl3 2025-01-18 L3 programming layer (loader) 
 (/usr/share/texmf-dist/tex/latex/l3backend/l3backend-pdftex.def
File: l3backend-pdftex.def 2024-05-08 L3 backend support: PDF output (pdfTeX)
\l__color_backend_stack_int=\count423
\l__pdf_internal_box=\box53
))
Package biblatex Info: ... and expl3
(biblatex)             2025-01-18 L3 programming layer (loader) 
(biblatex)             is new enough (at least 2020/04/06),
(biblatex)             setting 'casechanger=expl3'.
 (/usr/share/texmf-dist/tex/latex/biblatex/blx-case-expl3.sty (/usr/share/texmf-dist/tex/latex/l3packages/xparse/xparse.sty
Package: xparse 2024-08-16 L3 Experimental document command parser
)
Package: blx-case-expl3 2024/03/21 v3.20 expl3 case changing code for biblatex
)) (/usr/share/texmf-dist/tex/latex/setspace/setspace.sty
Package: setspace 2022/12/04 v6.7b set line spacing
)
\c@anexo=\count424
\cftbeforeanexoskip=\skip116
\cftanexoindent=\skip117
\cftanexonumwidth=\skip118
\c@loadepth=\count425
\cftbeforeloatitleskip=\skip119
\cftafterloatitleskip=\skip120
) (/usr/share/texmf-dist/tex/latex/amsmath/amsmath.sty
Package: amsmath 2024/11/05 v2.17t AMS math features
\@mathmargin=\skip121

For additional information on amsmath, use the `?' option.
(/usr/share/texmf-dist/tex/latex/amsmath/amstext.sty
Package: amstext 2021/08/26 v2.01 AMS text
 (/usr/share/texmf-dist/tex/latex/amsmath/amsgen.sty
File: amsgen.sty 1999/11/30 v2.0 generic functions
\@emptytoks=\toks25
\ex@=\dimen171
)) (/usr/share/texmf-dist/tex/latex/amsmath/amsbsy.sty
Package: amsbsy 1999/11/29 v1.2d Bold Symbols
\pmbraise@=\dimen172
) (/usr/share/texmf-dist/tex/latex/amsmath/amsopn.sty
Package: amsopn 2022/04/08 v2.04 operator names
)
\inf@bad=\count426
LaTeX Info: Redefining \frac on input line 233.
\uproot@=\count427
\leftroot@=\count428
LaTeX Info: Redefining \overline on input line 398.
LaTeX Info: Redefining \colon on input line 409.
\classnum@=\count429
\DOTSCASE@=\count430
LaTeX Info: Redefining \ldots on input line 495.
LaTeX Info: Redefining \dots on input line 498.
LaTeX Info: Redefining \cdots on input line 619.
\Mathstrutbox@=\box54
\strutbox@=\box55
LaTeX Info: Redefining \big on input line 721.
LaTeX Info: Redefining \Big on input line 722.
LaTeX Info: Redefining \bigg on input line 723.
LaTeX Info: Redefining \Bigg on input line 724.
\big@size=\dimen173
LaTeX Font Info:    Redeclaring font encoding OML on input line 742.
LaTeX Font Info:    Redeclaring font encoding OMS on input line 743.
\macc@depth=\count431
LaTeX Info: Redefining \bmod on input line 904.
LaTeX Info: Redefining \pmod on input line 909.
LaTeX Info: Redefining \smash on input line 939.
LaTeX Info: Redefining \relbar on input line 969.
LaTeX Info: Redefining \Relbar on input line 970.
\c@MaxMatrixCols=\count432
\dotsspace@=\muskip22
\c@parentequation=\count433
\dspbrk@lvl=\count434
\tag@help=\toks26
\row@=\count435
\column@=\count436
\maxfields@=\count437
\andhelp@=\toks27
\eqnshift@=\dimen174
\alignsep@=\dimen175
\tagshift@=\dimen176
\tagwidth@=\dimen177
\totwidth@=\dimen178
\lineht@=\dimen179
\@envbody=\toks28
\multlinegap=\skip122
\multlinetaggap=\skip123
\mathdisplay@stack=\toks29
LaTeX Info: Redefining \[ on input line 2953.
LaTeX Info: Redefining \] on input line 2954.
) (/usr/share/texmf-dist/tex/latex/amscls/amsthm.sty
Package: amsthm 2020/05/29 v2.20.6
\thm@style=\toks30
\thm@bodyfont=\toks31
\thm@headfont=\toks32
\thm@notefont=\toks33
\thm@headpunct=\toks34
\thm@preskip=\skip124
\thm@postskip=\skip125
\thm@headsep=\skip126
\dth@everypar=\toks35
) (/usr/share/texmf-dist/tex/latex/amsfonts/amssymb.sty
Package: amssymb 2013/01/14 v3.01 AMS font symbols
 (/usr/share/texmf-dist/tex/latex/amsfonts/amsfonts.sty
Package: amsfonts 2013/01/14 v3.01 Basic AMSFonts support
\symAMSa=\mathgroup4
\symAMSb=\mathgroup5
LaTeX Font Info:    Redeclaring math symbol \hbar on input line 98.
LaTeX Font Info:    Overwriting math alphabet `\mathfrak' in version `bold'
(Font)                  U/euf/m/n --> U/euf/b/n on input line 106.
)) (/usr/share/texmf-dist/tex/latex/stmaryrd/stmaryrd.sty
Package: stmaryrd 1994/03/03 St Mary's Road symbol package
\symstmry=\mathgroup6
LaTeX Font Info:    Overwriting symbol font `stmry' in version `bold'
(Font)                  U/stmry/m/n --> U/stmry/b/n on input line 89.
) (/usr/share/texmf-dist/tex/latex/subfigure/subfigure.sty
Package: subfigure 2002/03/15 v2.1.5 subfigure package
\subfigtopskip=\skip127
\subfigcapskip=\skip128
\subfigcaptopadj=\dimen180
\subfigbottomskip=\skip129
\subfigcapmargin=\dimen181
\subfiglabelskip=\skip130
\c@subfigure=\count438
\c@lofdepth=\count439
\c@subtable=\count440
\c@lotdepth=\count441

****************************************
* Local config file subfigure.cfg used *
****************************************
(/usr/share/texmf-dist/tex/latex/subfigure/subfigure.cfg)
\subfig@top=\skip131
\subfig@bottom=\skip132
) (/usr/share/texmf-dist/tex/latex/float/float.sty
Package: float 2001/11/08 v1.3d Float enhancements (AL)
\c@float@type=\count442
\float@exts=\toks36
\float@box=\box56
\@float@everytoks=\toks37
\@floatcapt=\box57
) (/usr/share/texmf-dist/tex/latex/graphics/graphicx.sty
Package: graphicx 2021/09/16 v1.2d Enhanced LaTeX Graphics (DPC,SPQR)
 (/usr/share/texmf-dist/tex/latex/graphics/graphics.sty
Package: graphics 2024/08/06 v1.4g Standard LaTeX Graphics (DPC,SPQR)
 (/usr/share/texmf-dist/tex/latex/graphics/trig.sty
Package: trig 2023/12/02 v1.11 sin cos tan (DPC)
) (/usr/share/texmf-dist/tex/latex/graphics-cfg/graphics.cfg
File: graphics.cfg 2016/06/04 v1.11 sample graphics configuration
)
Package graphics Info: Driver file: pdftex.def on input line 106.
)
\Gin@req@height=\dimen182
\Gin@req@width=\dimen183
) (/usr/share/texmf-dist/tex/latex/tools/tabularx.sty
Package: tabularx 2023/12/11 v2.12a `tabularx' package (DPC)
 (/usr/share/texmf-dist/tex/latex/tools/array.sty
Package: array 2024/10/17 v2.6g Tabular extension package (FMi)
\col@sep=\dimen184
\ar@mcellbox=\box58
\extrarowheight=\dimen185
\NC@list=\toks38
\extratabsurround=\skip133
\backup@length=\skip134
\ar@cellbox=\box59
)
\TX@col@width=\dimen186
\TX@old@table=\dimen187
\TX@old@col=\dimen188
\TX@target=\dimen189
\TX@delta=\dimen190
\TX@cols=\count443
\TX@ftn=\toks39
) (/usr/share/texmf-dist/tex/latex/enumitem/enumitem.sty
Package: enumitem 2025/02/06 v3.11 Customized lists
\labelindent=\skip135
\enit@outerparindent=\dimen191
\enit@toks=\toks40
\enit@inbox=\box60
\enit@count@id=\count444
\enitdp@description=\count445
) (/usr/share/texmf-dist/tex/generic/soul/soul.sty
Package: soul 2023-06-14 v3.1 Permit use of UTF-8 characters in soul (HO)
 (/usr/share/texmf-dist/tex/generic/soul/soul-ori.sty
Package: soul-ori 2023-06-14 v3.1 letterspacing/underlining (mf)
\SOUL@word=\toks41
\SOUL@lasttoken=\toks42
\SOUL@syllable=\toks43
\SOUL@cmds=\toks44
\SOUL@buffer=\toks45
\SOUL@token=\toks46
\SOUL@syllgoal=\dimen192
\SOUL@syllwidth=\dimen193
\SOUL@charkern=\dimen194
\SOUL@hyphkern=\dimen195
\SOUL@dimen=\dimen196
\SOUL@dimeni=\dimen197
\SOUL@minus=\count446
\SOUL@comma=\count447
\SOUL@apo=\count448
\SOUL@grave=\count449
\SOUL@spaceskip=\skip136
\SOUL@ttwidth=\dimen198
\SOUL@uldp=\dimen199
\SOUL@ulht=\dimen256
) (/usr/share/texmf-dist/tex/generic/etexcmds/etexcmds.sty
Package: etexcmds 2019/12/15 v1.7 Avoid name clashes with e-TeX commands (HO)
)) (/usr/share/texmf-dist/tex/latex/caption/subcaption.sty
Package: subcaption 2023/07/28 v1.6b Sub-captions (AR)
LaTeX Info: Redefining \subref on input line 189.
Package subcaption Info: The counter `subfigure' was already defined by
(subcaption)             an unknown document class or package on input line 238.
Package subcaption Info: The counter `subtable' was already defined by
(subcaption)             an unknown document class or package on input line 238.
) (/usr/share/texmf-dist/tex/latex/booktabs/booktabs.sty
Package: booktabs 2020/01/12 v1.61803398 Publication quality tables
\heavyrulewidth=\dimen257
\lightrulewidth=\dimen258
\cmidrulewidth=\dimen259
\belowrulesep=\dimen260
\belowbottomsep=\dimen261
\aboverulesep=\dimen262
\abovetopsep=\dimen263
\cmidrulesep=\dimen264
\cmidrulekern=\dimen265
\defaultaddspace=\dimen266
\@cmidla=\count450
\@cmidlb=\count451
\@aboverulesep=\dimen267
\@belowrulesep=\dimen268
\@thisruleclass=\count452
\@lastruleclass=\count453
\@thisrulewidth=\dimen269
) (/usr/share/texmf-dist/tex/latex/algorithm2e/algorithm2e.sty
Package: algorithm2e 2017/07/18 v5.2 algorithms environments
\c@AlgoLine=\count454
\algocf@hangindent=\skip137
 (/usr/share/texmf-dist/tex/latex/ifoddpage/ifoddpage.sty
Package: ifoddpage 2022/10/18 v1.2 Conditionals for odd/even page detection
\c@checkoddpage=\count455
) (/usr/share/texmf-dist/tex/latex/tools/xspace.sty
Package: xspace 2014/10/28 v1.13 Space after command names (DPC,MH)
) (/usr/share/texmf-dist/tex/latex/relsize/relsize.sty
Package: relsize 2013/03/29 ver 4.1
)
\skiptotal=\skip138
\skiplinenumber=\skip139
\skiprule=\skip140
\skiphlne=\skip141
\skiptext=\skip142
\skiplength=\skip143
\algomargin=\skip144
\skipalgocfslide=\skip145
\algowidth=\dimen270
\inoutsize=\dimen271
\inoutindent=\dimen272
\interspacetitleruled=\dimen273
\interspacealgoruled=\dimen274
\interspacetitleboxruled=\dimen275
\algocf@ruledwidth=\skip146
\algocf@inoutbox=\box61
\algocf@inputbox=\box62
\AlCapSkip=\skip147
\AlCapHSkip=\skip148
\algoskipindent=\skip149
\algocf@nlbox=\box63
\algocf@hangingbox=\box64
\algocf@untilbox=\box65
\algocf@skipuntil=\skip150
\algocf@capbox=\box66
\algocf@lcaptionbox=\skip151
\algoheightruledefault=\skip152
\algoheightrule=\skip153
\algotitleheightruledefault=\skip154
\algotitleheightrule=\skip155
\c@algocfline=\count456
\c@algocfproc=\count457
\c@algocf=\count458
\algocf@algoframe=\box67
\algocf@algobox=\box68
) (/usr/share/texmf-dist/tex/latex/pgf/frontendlayer/tikz.sty (/usr/share/texmf-dist/tex/latex/pgf/basiclayer/pgf.sty (/usr/share/texmf-dist/tex/latex/pgf/utilities/pgfrcs.sty (/usr/share/texmf-dist/tex/generic/pgf/utilities/pgfutil-common.tex
\pgfutil@everybye=\toks47
\pgfutil@tempdima=\dimen276
\pgfutil@tempdimb=\dimen277
) (/usr/share/texmf-dist/tex/generic/pgf/utilities/pgfutil-latex.def
\pgfutil@abb=\box69
) (/usr/share/texmf-dist/tex/generic/pgf/utilities/pgfrcs.code.tex (/usr/share/texmf-dist/tex/generic/pgf/pgf.revision.tex)
Package: pgfrcs 2023-01-15 v3.1.10 (3.1.10)
))
Package: pgf 2023-01-15 v3.1.10 (3.1.10)
 (/usr/share/texmf-dist/tex/latex/pgf/basiclayer/pgfcore.sty (/usr/share/texmf-dist/tex/latex/pgf/systemlayer/pgfsys.sty (/usr/share/texmf-dist/tex/generic/pgf/systemlayer/pgfsys.code.tex
Package: pgfsys 2023-01-15 v3.1.10 (3.1.10)
 (/usr/share/texmf-dist/tex/generic/pgf/utilities/pgfkeys.code.tex
\pgfkeys@pathtoks=\toks48
\pgfkeys@temptoks=\toks49
 (/usr/share/texmf-dist/tex/generic/pgf/utilities/pgfkeyslibraryfiltered.code.tex
\pgfkeys@tmptoks=\toks50
))
\pgf@x=\dimen278
\pgf@y=\dimen279
\pgf@xa=\dimen280
\pgf@ya=\dimen281
\pgf@xb=\dimen282
\pgf@yb=\dimen283
\pgf@xc=\dimen284
\pgf@yc=\dimen285
\pgf@xd=\dimen286
\pgf@yd=\dimen287
\w@pgf@writea=\write4
\r@pgf@reada=\read4
\c@pgf@counta=\count459
\c@pgf@countb=\count460
\c@pgf@countc=\count461
\c@pgf@countd=\count462
\t@pgf@toka=\toks51
\t@pgf@tokb=\toks52
\t@pgf@tokc=\toks53
\pgf@sys@id@count=\count463
 (/usr/share/texmf-dist/tex/generic/pgf/systemlayer/pgf.cfg
File: pgf.cfg 2023-01-15 v3.1.10 (3.1.10)
)
Driver file for pgf: pgfsys-pdftex.def
 (/usr/share/texmf-dist/tex/generic/pgf/systemlayer/pgfsys-pdftex.def
File: pgfsys-pdftex.def 2023-01-15 v3.1.10 (3.1.10)
 (/usr/share/texmf-dist/tex/generic/pgf/systemlayer/pgfsys-common-pdf.def
File: pgfsys-common-pdf.def 2023-01-15 v3.1.10 (3.1.10)
))) (/usr/share/texmf-dist/tex/generic/pgf/systemlayer/pgfsyssoftpath.code.tex
File: pgfsyssoftpath.code.tex 2023-01-15 v3.1.10 (3.1.10)
\pgfsyssoftpath@smallbuffer@items=\count464
\pgfsyssoftpath@bigbuffer@items=\count465
) (/usr/share/texmf-dist/tex/generic/pgf/systemlayer/pgfsysprotocol.code.tex
File: pgfsysprotocol.code.tex 2023-01-15 v3.1.10 (3.1.10)
)) (/usr/share/texmf-dist/tex/generic/pgf/basiclayer/pgfcore.code.tex
Package: pgfcore 2023-01-15 v3.1.10 (3.1.10)
 (/usr/share/texmf-dist/tex/generic/pgf/math/pgfmath.code.tex (/usr/share/texmf-dist/tex/generic/pgf/math/pgfmathutil.code.tex) (/usr/share/texmf-dist/tex/generic/pgf/math/pgfmathparser.code.tex
\pgfmath@dimen=\dimen288
\pgfmath@count=\count466
\pgfmath@box=\box70
\pgfmath@toks=\toks54
\pgfmath@stack@operand=\toks55
\pgfmath@stack@operation=\toks56
) (/usr/share/texmf-dist/tex/generic/pgf/math/pgfmathfunctions.code.tex) (/usr/share/texmf-dist/tex/generic/pgf/math/pgfmathfunctions.basic.code.tex) (/usr/share/texmf-dist/tex/generic/pgf/math/pgfmathfunctions.trigonometric.code.tex) (/usr/share/texmf-dist/tex/generic/pgf/math/pgfmathfunctions.random.code.tex) (/usr/share/texmf-dist/tex/generic/pgf/math/pgfmathfunctions.comparison.code.tex) (/usr/share/texmf-dist/tex/generic/pgf/math/pgfmathfunctions.base.code.tex) (/usr/share/texmf-dist/tex/generic/pgf/math/pgfmathfunctions.round.code.tex) (/usr/share/texmf-dist/tex/generic/pgf/math/pgfmathfunctions.misc.code.tex) (/usr/share/texmf-dist/tex/generic/pgf/math/pgfmathfunctions.integerarithmetics.code.tex) (/usr/share/texmf-dist/tex/generic/pgf/math/pgfmathcalc.code.tex) (/usr/share/texmf-dist/tex/generic/pgf/math/pgfmathfloat.code.tex
\c@pgfmathroundto@lastzeros=\count467
)) (/usr/share/texmf-dist/tex/generic/pgf/math/pgfint.code.tex) (/usr/share/texmf-dist/tex/generic/pgf/basiclayer/pgfcorepoints.code.tex
File: pgfcorepoints.code.tex 2023-01-15 v3.1.10 (3.1.10)
\pgf@picminx=\dimen289
\pgf@picmaxx=\dimen290
\pgf@picminy=\dimen291
\pgf@picmaxy=\dimen292
\pgf@pathminx=\dimen293
\pgf@pathmaxx=\dimen294
\pgf@pathminy=\dimen295
\pgf@pathmaxy=\dimen296
\pgf@xx=\dimen297
\pgf@xy=\dimen298
\pgf@yx=\dimen299
\pgf@yy=\dimen300
\pgf@zx=\dimen301
\pgf@zy=\dimen302
) (/usr/share/texmf-dist/tex/generic/pgf/basiclayer/pgfcorepathconstruct.code.tex
File: pgfcorepathconstruct.code.tex 2023-01-15 v3.1.10 (3.1.10)
\pgf@path@lastx=\dimen303
\pgf@path@lasty=\dimen304
) (/usr/share/texmf-dist/tex/generic/pgf/basiclayer/pgfcorepathusage.code.tex
File: pgfcorepathusage.code.tex 2023-01-15 v3.1.10 (3.1.10)
\pgf@shorten@end@additional=\dimen305
\pgf@shorten@start@additional=\dimen306
) (/usr/share/texmf-dist/tex/generic/pgf/basiclayer/pgfcorescopes.code.tex
File: pgfcorescopes.code.tex 2023-01-15 v3.1.10 (3.1.10)
\pgfpic=\box71
\pgf@hbox=\box72
\pgf@layerbox@main=\box73
\pgf@picture@serial@count=\count468
) (/usr/share/texmf-dist/tex/generic/pgf/basiclayer/pgfcoregraphicstate.code.tex
File: pgfcoregraphicstate.code.tex 2023-01-15 v3.1.10 (3.1.10)
\pgflinewidth=\dimen307
) (/usr/share/texmf-dist/tex/generic/pgf/basiclayer/pgfcoretransformations.code.tex
File: pgfcoretransformations.code.tex 2023-01-15 v3.1.10 (3.1.10)
\pgf@pt@x=\dimen308
\pgf@pt@y=\dimen309
\pgf@pt@temp=\dimen310
) (/usr/share/texmf-dist/tex/generic/pgf/basiclayer/pgfcorequick.code.tex
File: pgfcorequick.code.tex 2023-01-15 v3.1.10 (3.1.10)
) (/usr/share/texmf-dist/tex/generic/pgf/basiclayer/pgfcoreobjects.code.tex
File: pgfcoreobjects.code.tex 2023-01-15 v3.1.10 (3.1.10)
) (/usr/share/texmf-dist/tex/generic/pgf/basiclayer/pgfcorepathprocessing.code.tex
File: pgfcorepathprocessing.code.tex 2023-01-15 v3.1.10 (3.1.10)
) (/usr/share/texmf-dist/tex/generic/pgf/basiclayer/pgfcorearrows.code.tex
File: pgfcorearrows.code.tex 2023-01-15 v3.1.10 (3.1.10)
\pgfarrowsep=\dimen311
) (/usr/share/texmf-dist/tex/generic/pgf/basiclayer/pgfcoreshade.code.tex
File: pgfcoreshade.code.tex 2023-01-15 v3.1.10 (3.1.10)
\pgf@max=\dimen312
\pgf@sys@shading@range@num=\count469
\pgf@shadingcount=\count470
) (/usr/share/texmf-dist/tex/generic/pgf/basiclayer/pgfcoreimage.code.tex
File: pgfcoreimage.code.tex 2023-01-15 v3.1.10 (3.1.10)
) (/usr/share/texmf-dist/tex/generic/pgf/basiclayer/pgfcoreexternal.code.tex
File: pgfcoreexternal.code.tex 2023-01-15 v3.1.10 (3.1.10)
\pgfexternal@startupbox=\box74
) (/usr/share/texmf-dist/tex/generic/pgf/basiclayer/pgfcorelayers.code.tex
File: pgfcorelayers.code.tex 2023-01-15 v3.1.10 (3.1.10)
) (/usr/share/texmf-dist/tex/generic/pgf/basiclayer/pgfcoretransparency.code.tex
File: pgfcoretransparency.code.tex 2023-01-15 v3.1.10 (3.1.10)
) (/usr/share/texmf-dist/tex/generic/pgf/basiclayer/pgfcorepatterns.code.tex
File: pgfcorepatterns.code.tex 2023-01-15 v3.1.10 (3.1.10)
) (/usr/share/texmf-dist/tex/generic/pgf/basiclayer/pgfcorerdf.code.tex
File: pgfcorerdf.code.tex 2023-01-15 v3.1.10 (3.1.10)
))) (/usr/share/texmf-dist/tex/generic/pgf/modules/pgfmoduleshapes.code.tex
File: pgfmoduleshapes.code.tex 2023-01-15 v3.1.10 (3.1.10)
\pgfnodeparttextbox=\box75
) (/usr/share/texmf-dist/tex/generic/pgf/modules/pgfmoduleplot.code.tex
File: pgfmoduleplot.code.tex 2023-01-15 v3.1.10 (3.1.10)
) (/usr/share/texmf-dist/tex/latex/pgf/compatibility/pgfcomp-version-0-65.sty
Package: pgfcomp-version-0-65 2023-01-15 v3.1.10 (3.1.10)
\pgf@nodesepstart=\dimen313
\pgf@nodesepend=\dimen314
) (/usr/share/texmf-dist/tex/latex/pgf/compatibility/pgfcomp-version-1-18.sty
Package: pgfcomp-version-1-18 2023-01-15 v3.1.10 (3.1.10)
)) (/usr/share/texmf-dist/tex/latex/pgf/utilities/pgffor.sty (/usr/share/texmf-dist/tex/latex/pgf/utilities/pgfkeys.sty (/usr/share/texmf-dist/tex/generic/pgf/utilities/pgfkeys.code.tex)) (/usr/share/texmf-dist/tex/latex/pgf/math/pgfmath.sty (/usr/share/texmf-dist/tex/generic/pgf/math/pgfmath.code.tex)) (/usr/share/texmf-dist/tex/generic/pgf/utilities/pgffor.code.tex
Package: pgffor 2023-01-15 v3.1.10 (3.1.10)
\pgffor@iter=\dimen315
\pgffor@skip=\dimen316
\pgffor@stack=\toks57
\pgffor@toks=\toks58
)) (/usr/share/texmf-dist/tex/generic/pgf/frontendlayer/tikz/tikz.code.tex
Package: tikz 2023-01-15 v3.1.10 (3.1.10)
 (/usr/share/texmf-dist/tex/generic/pgf/libraries/pgflibraryplothandlers.code.tex
File: pgflibraryplothandlers.code.tex 2023-01-15 v3.1.10 (3.1.10)
\pgf@plot@mark@count=\count471
\pgfplotmarksize=\dimen317
)
\tikz@lastx=\dimen318
\tikz@lasty=\dimen319
\tikz@lastxsaved=\dimen320
\tikz@lastysaved=\dimen321
\tikz@lastmovetox=\dimen322
\tikz@lastmovetoy=\dimen323
\tikzleveldistance=\dimen324
\tikzsiblingdistance=\dimen325
\tikz@figbox=\box76
\tikz@figbox@bg=\box77
\tikz@tempbox=\box78
\tikz@tempbox@bg=\box79
\tikztreelevel=\count472
\tikznumberofchildren=\count473
\tikznumberofcurrentchild=\count474
\tikz@fig@count=\count475
 (/usr/share/texmf-dist/tex/generic/pgf/modules/pgfmodulematrix.code.tex
File: pgfmodulematrix.code.tex 2023-01-15 v3.1.10 (3.1.10)
\pgfmatrixcurrentrow=\count476
\pgfmatrixcurrentcolumn=\count477
\pgf@matrix@numberofcolumns=\count478
)
\tikz@expandcount=\count479
 (/usr/share/texmf-dist/tex/generic/pgf/frontendlayer/tikz/libraries/tikzlibrarytopaths.code.tex
File: tikzlibrarytopaths.code.tex 2023-01-15 v3.1.10 (3.1.10)
))) (/usr/share/texmf-dist/tex/generic/pgf/frontendlayer/tikz/libraries/tikzlibrarycalc.code.tex
File: tikzlibrarycalc.code.tex 2023-01-15 v3.1.10 (3.1.10)
) (/usr/share/texmf-dist/tex/generic/pgf/frontendlayer/tikz/libraries/tikzlibraryspy.code.tex
File: tikzlibraryspy.code.tex 2023-01-15 v3.1.10 (3.1.10)
\tikz@lib@spybox=\box80
) (/usr/share/texmf-dist/tex/generic/pgf/frontendlayer/tikz/libraries/tikzlibrarypositioning.code.tex
File: tikzlibrarypositioning.code.tex 2023-01-15 v3.1.10 (3.1.10)
) (/usr/share/texmf-dist/tex/generic/pgf/frontendlayer/tikz/libraries/tikzlibraryfit.code.tex
File: tikzlibraryfit.code.tex 2023-01-15 v3.1.10 (3.1.10)
) (/usr/share/texmf-dist/tex/latex/tools/multicol.sty
Package: multicol 2024/09/14 v1.9i multicolumn formatting (FMi)
\c@tracingmulticols=\count480
\mult@box=\box81
\multicol@leftmargin=\dimen326
\c@unbalance=\count481
\c@collectmore=\count482
\doublecol@number=\count483
\multicoltolerance=\count484
\multicolpretolerance=\count485
\full@width=\dimen327
\page@free=\dimen328
\premulticols=\dimen329
\postmulticols=\dimen330
\multicolsep=\skip156
\multicolbaselineskip=\skip157
\partial@page=\box82
\last@line=\box83
\mc@boxedresult=\box84
\maxbalancingoverflow=\dimen331
\mult@rightbox=\box85
\mult@grightbox=\box86
\mult@firstbox=\box87
\mult@gfirstbox=\box88
\@tempa=\box89
\@tempa=\box90
\@tempa=\box91
\@tempa=\box92
\@tempa=\box93
\@tempa=\box94
\@tempa=\box95
\@tempa=\box96
\@tempa=\box97
\@tempa=\box98
\@tempa=\box99
\@tempa=\box100
\@tempa=\box101
\@tempa=\box102
\@tempa=\box103
\@tempa=\box104
\@tempa=\box105
\@tempa=\box106
\@tempa=\box107
\@tempa=\box108
\@tempa=\box109
\@tempa=\box110
\@tempa=\box111
\@tempa=\box112
\@tempa=\box113
\@tempa=\box114
\@tempa=\box115
\@tempa=\box116
\@tempa=\box117
\@tempa=\box118
\@tempa=\box119
\@tempa=\box120
\@tempa=\box121
\@tempa=\box122
\@tempa=\box123
\@tempa=\box124
\c@minrows=\count486
\c@columnbadness=\count487
\c@finalcolumnbadness=\count488
\last@try=\dimen332
\multicolovershoot=\dimen333
\multicolundershoot=\dimen334
\mult@nat@firstbox=\box125
\colbreak@box=\box126
\mc@col@check@num=\count489
) (/usr/share/texmf-dist/tex/latex/multirow/multirow.sty
Package: multirow 2024/11/12 v2.9 Span multiple rows of a table
\multirow@colwidth=\skip158
\multirow@cntb=\count490
\multirow@dima=\skip159
\bigstrutjot=\dimen335
) (/usr/share/texmf-dist/tex/latex/placeins/placeins.sty
Package: placeins 2005/04/18  v 2.2
) (./definitions.tex
\c@definition=\count491
)
Package csquotes Info: Checking for multilingual support...
Package csquotes Info: ... found 'babel' package.
Package csquotes Info: Adjusting default style.
Package csquotes Info: Redefining alias 'default' -> 'spanish'.
LaTeX Font Info:    Trying to load font information for T1+phv on input line 83.
 (/usr/share/texmf-dist/tex/latex/psnfss/t1phv.fd
File: t1phv.fd 2020/03/25 scalable font definitions for T1/phv.
) (./main_file.aux
LaTeX Info: Redefining \. on input line 20.
LaTeX Info: Redefining \% on input line 20.
 (./secciones_corregidas/resumen_corregido.aux) (./secciones_corregidas/abstract_corregido.aux))
\openout1 = `main_file.aux'.

LaTeX Font Info:    Checking defaults for OML/cmm/m/it on input line 83.
LaTeX Font Info:    ... okay on input line 83.
LaTeX Font Info:    Checking defaults for OMS/cmsy/m/n on input line 83.
LaTeX Font Info:    ... okay on input line 83.
LaTeX Font Info:    Checking defaults for OT1/cmr/m/n on input line 83.
LaTeX Font Info:    ... okay on input line 83.
LaTeX Font Info:    Checking defaults for T1/cmr/m/n on input line 83.
LaTeX Font Info:    ... okay on input line 83.
LaTeX Font Info:    Checking defaults for TS1/cmr/m/n on input line 83.
LaTeX Font Info:    ... okay on input line 83.
LaTeX Font Info:    Checking defaults for OMX/cmex/m/n on input line 83.
LaTeX Font Info:    ... okay on input line 83.
LaTeX Font Info:    Checking defaults for U/cmr/m/n on input line 83.
LaTeX Font Info:    ... okay on input line 83.
LaTeX Font Info:    Checking defaults for PD1/pdf/m/n on input line 83.
LaTeX Font Info:    ... okay on input line 83.
LaTeX Font Info:    Checking defaults for PU/pdf/m/n on input line 83.
LaTeX Font Info:    ... okay on input line 83.
LaTeX Info: Redefining \. on input line 83.
LaTeX Info: Redefining \% on input line 83.
 (/usr/share/texmf-dist/tex/context/base/mkii/supp-pdf.mkii
[Loading MPS to PDF converter (version 2006.09.02).]
\scratchcounter=\count492
\scratchdimen=\dimen336
\scratchbox=\box127
\nofMPsegments=\count493
\nofMParguments=\count494
\everyMPshowfont=\toks59
\MPscratchCnt=\count495
\MPscratchDim=\dimen337
\MPnumerator=\count496
\makeMPintoPDFobject=\count497
\everyMPtoPDFconversion=\toks60
) (/usr/share/texmf-dist/tex/latex/epstopdf-pkg/epstopdf-base.sty
Package: epstopdf-base 2020-01-24 v2.11 Base part for package epstopdf
Package epstopdf-base Info: Redefining graphics rule for `.eps' on input line 485.
 (/usr/share/texmf-dist/tex/latex/latexconfig/epstopdf-sys.cfg
File: epstopdf-sys.cfg 2010/07/13 v1.3 Configuration of (r)epstopdf for TeX Live
))
Package hyperref Info: Link coloring OFF on input line 83.
 (./main_file.out) (./main_file.out)
\@outlinefile=\write5
\openout5 = `main_file.out'.

Package caption Info: Begin \AtBeginDocument code.
Package caption Info: float package is loaded.
Package caption Info: subfigure package is loaded.
Package caption Info: End \AtBeginDocument code.

*geometry* driver: auto-detecting
*geometry* detected driver: pdftex
*geometry* verbose mode - [ preamble ] result:
* driver: pdftex
* paper: letterpaper
* layout: <same size as paper>
* layoutoffset:(h,v)=(0.0pt,0.0pt)
* modes: 
* h-part:(L,W,R)=(113.81102pt, 443.57848pt, 56.9055pt)
* v-part:(T,H,B)=(85.35826pt, 624.25346pt, 85.35826pt)
* \paperwidth=614.295pt
* \paperheight=794.96999pt
* \textwidth=443.57848pt
* \textheight=597.50787pt
* \oddsidemargin=41.54103pt
* \evensidemargin=41.54103pt
* \topmargin=0.0pt
* \headheight=12.0pt
* \headsep=25.0pt
* \topskip=12.0pt
* \footskip=30.0pt
* \marginparwidth=44.0pt
* \marginparsep=10.0pt
* \columnsep=10.0pt
* \skip\footins=21.75pt
* \hoffset=0.0pt
* \voffset=0.0pt
* \mag=1000
* \@twocolumnfalse
* \@twosidefalse
* \@mparswitchfalse
* \@reversemarginfalse
* (1in=72.27pt=25.4mm, 1cm=28.453pt)

Package biblatex Info: Trying to load language 'spanish'...
Package biblatex Info: ... file 'spanish.lbx' found.
(/usr/share/texmf-dist/tex/latex/biblatex/lbx/spanish.lbx
File: spanish.lbx 2024/03/21 v3.20 biblatex localization (PK/MW)
)
Package biblatex Info: Input encoding 'utf8' detected.
Package biblatex Info: Automatic encoding selection.
(biblatex)             Assuming data encoding 'utf8'.
Package biblatex Info: Input encoding 'utf8' detected.
Package biblatex Info: Data encoding 'utf8' specified.
(biblatex)             No need to reencode data.
\openout3 = `main_file-blx.bib'.

Package biblatex Info: Trying to load bibliographic data...
Package biblatex Info: ... file 'main_file.bbl' found.
 (./main_file.bbl)
Package biblatex Info: Reference section=0 on input line 83.
Package biblatex Info: Reference segment=0 on input line 83.
 (./secciones/portada.tex

[1

{/var/lib/texmf/fonts/map/pdftex/updmap/pdftex.map}{/usr/share/texmf-dist/fonts/enc/dvips/base/8r.enc}]) (./secciones/dedicatoria.tex

[2]
LaTeX Font Info:    Font shape `T1/phv/m/it' in size <12> not available
(Font)              Font shape `T1/phv/m/sl' tried instead on input line 22.
) (./secciones/agradecimientos.tex

[3

]

[4

]) (./main_file.toc
LaTeX Info: Redefining \sptext on input line 2.
LaTeX Info: Redefining \. on input line 2.
LaTeX Info: Redefining \% on input line 2.
LaTeX Font Info:    Trying to load font information for U+msa on input line 3.
 (/usr/share/texmf-dist/tex/latex/amsfonts/umsa.fd
File: umsa.fd 2013/01/14 v3.01 AMS symbols A
)
LaTeX Font Info:    Trying to load font information for U+msb on input line 3.
 (/usr/share/texmf-dist/tex/latex/amsfonts/umsb.fd
File: umsb.fd 2013/01/14 v3.01 AMS symbols B
)
LaTeX Font Info:    Trying to load font information for U+stmry on input line 3.
 (/usr/share/texmf-dist/tex/latex/stmaryrd/Ustmry.fd)
Overfull \hbox (12.63095pt too wide) in paragraph at lines 14--14
 [][] [][]\T1/phv/m/n/12 ARQUITECTURAS DE RE-DES NEU-RO-NA-LES CON-VO-LU-CIO-NA-LES UTI- 
 []



[5]

[6])
\tf@toc=\write6
\openout6 = `main_file.toc'.



[7] (./main_file.lof
LaTeX Info: Redefining \sptext on input line 2.
LaTeX Info: Redefining \. on input line 2.
LaTeX Info: Redefining \% on input line 2.


[8

])
\tf@lof=\write7
\openout7 = `main_file.lof'.



[9] (./main_file.lot
LaTeX Info: Redefining \sptext on input line 2.
LaTeX Info: Redefining \. on input line 2.
LaTeX Info: Redefining \% on input line 2.

Overfull \hbox (1.5574pt too wide) in paragraph at lines 13--13
 [][] \T1/phv/m/n/12 Ta-bla [][]Configuración de hi-per-pa-rá-me-tros pa-ra cla-si-fi-ca-do-res bi-na-rio y mul- 
 []



[10

])
\tf@lot=\write8
\openout8 = `main_file.lot'.



[11]
\openout2 = `secciones_corregidas/resumen_corregido.aux'.

 (./secciones_corregidas/resumen_corregido.tex

[12



])

[13]
\openout2 = `secciones_corregidas/abstract_corregido.aux'.

 (./secciones_corregidas/abstract_corregido.tex

[14




])

[15] (./secciones_corregidas/introducciĂłn_corregido.tex
Cap\'{\i }tulo 1.
LaTeX Font Info:    Font shape `T1/phv/m/it' in size <10> not available
(Font)              Font shape `T1/phv/m/sl' tried instead on input line 5.

Underfull \hbox (badness 1189) in paragraph at lines 9--9
\T1/phv/m/n/10 th-rough 2045: sys-te-ma-tic re-view and meta-analysis^^T. En: \T1/phv/m/sl/10 Ophthal-mo-logy \T1/phv/m/n/10 128.11 (2021),
 []



[16



]

[17]
<imĂˇgenes/introducciĂłn/prevalencia-dpto.jpg, id=637, 555.57562pt x 274.02374pt>
File: imĂˇgenes/introducciĂłn/prevalencia-dpto.jpg Graphic file (type jpg)
<use imĂˇgenes/introducciĂłn/prevalencia-dpto.jpg>
Package pdftex.def Info: imĂˇgenes/introducciĂłn/prevalencia-dpto.jpg  used on input line 22.
(pdftex.def)             Requested size: 443.57848pt x 218.78444pt.
<imĂˇgenes/introducciĂłn/prevalencia-sexo.jpg, id=639, 580.41844pt x 258.9675pt>
File: imĂˇgenes/introducciĂłn/prevalencia-sexo.jpg Graphic file (type jpg)
<use imĂˇgenes/introducciĂłn/prevalencia-sexo.jpg>
Package pdftex.def Info: imĂˇgenes/introducciĂłn/prevalencia-sexo.jpg  used on input line 34.
(pdftex.def)             Requested size: 443.57848pt x 197.91585pt.


[18 <./imĂˇgenes/introducciĂłn/prevalencia-dpto.jpg>]

[19 <./imĂˇgenes/introducciĂłn/prevalencia-sexo.jpg>]
<imĂˇgenes/introducciĂłn/prevalencia-edad.jpg, id=654, 569.12625pt x 310.15875pt>
File: imĂˇgenes/introducciĂłn/prevalencia-edad.jpg Graphic file (type jpg)
<use imĂˇgenes/introducciĂłn/prevalencia-edad.jpg>
Package pdftex.def Info: imĂˇgenes/introducciĂłn/prevalencia-edad.jpg  used on input line 48.
(pdftex.def)             Requested size: 443.57848pt x 241.74774pt.
<imĂˇgenes/introducciĂłn/oftalmĂłlogos.png, id=655, 743.02594pt x 444.15938pt>
File: imĂˇgenes/introducciĂłn/oftalmĂłlogos.png Graphic file (type png)
<use imĂˇgenes/introducciĂłn/oftalmĂłlogos.png>
Package pdftex.def Info: imĂˇgenes/introducciĂłn/oftalmĂłlogos.png  used on input line 58.
(pdftex.def)             Requested size: 354.86412pt x 212.13004pt.


[20 <./imĂˇgenes/introducciĂłn/prevalencia-edad.jpg>]

[21 <./imĂˇgenes/introducciĂłn/oftalmĂłlogos.png>]
Overfull \hbox (9.86057pt too wide) in paragraph at lines 71--72
\T1/phv/m/n/12 imá-ge-nes del da-ta-set de Kag-gle pa-ra en-tre-na-mien-to y da-ta-sets ex-ter-nos (MESSIDOR-
 []



[22]

[23]

LaTeX Warning: Reference `chap:config-exp' on page 24 undefined on input line 77.


LaTeX Warning: Reference `chap:discusion' on page 24 undefined on input line 77.


LaTeX Warning: Reference `chap:conclusiones' on page 24 undefined on input line 77.


LaTeX Warning: Reference `chap:trabajo-futuro' on page 24 undefined on input line 77.

) (./secciones_corregidas/objetivos_corregido.tex

[24]
Cap\'{\i }tulo 2.


[25

]
Overfull \hbox (28.20352pt too wide) in paragraph at lines 27--28
[]\T1/phv/m/n/12 Desarrollar un cla-si-fi-ca-dor bi-na-rio op-ti-mi-za-do pa-ra de-tec-ción de pre-sen-cia/ausencia
 []

) (./secciones_corregidas/marco_teorico_corregido.tex

[26]
Cap\'{\i }tulo 3.


[27

]
<imĂˇgenes/marco teĂłrico/fundus image.png, id=712, 710.655pt x 417.81094pt>
File: imĂˇgenes/marco teĂłrico/fundus image.png Graphic file (type png)
<use imĂˇgenes/marco teĂłrico/fundus image.png>
Package pdftex.def Info: imĂˇgenes/marco teĂłrico/fundus image.png  used on input line 17.
(pdftex.def)             Requested size: 443.57848pt x 260.79968pt.


[28]

[29 <./imĂˇgenes/marco teĂłrico/fundus image.png>]
Overfull \hbox (4.08331pt too wide) in paragraph at lines 29--29
|[]\T1/phv/b/n/12 CLASIFICACIÓN DE LA RE-TI-NO-PA-TÍA DIA-BÉ-TI-CA EN IMÁ-GE-NES DEL FON-
 []



[30]
<imĂˇgenes/marco teĂłrico/etapas RD.png, id=730, 1144.275pt x 813.0375pt>
File: imĂˇgenes/marco teĂłrico/etapas RD.png Graphic file (type png)
<use imĂˇgenes/marco teĂłrico/etapas RD.png>
Package pdftex.def Info: imĂˇgenes/marco teĂłrico/etapas RD.png  used on input line 41.
(pdftex.def)             Requested size: 443.57848pt x 315.17284pt.


[31]

[32 <./imĂˇgenes/marco teĂłrico/etapas RD.png>]
Underfull \hbox (badness 1019) in paragraph at lines 62--62
[]|\T1/phv/b/n/12 Hallazgos ob-ser-va-bles en la of-tal-
 []


Underfull \hbox (badness 2980) in paragraph at lines 62--62
\T1/phv/m/n/12 Anomalías mi-cro-vas-cu-la-res in-tra-rre-ti-
 []



[33]

[34]

[35{/usr/share/texmf-dist/fonts/enc/dvips/cm-super/cm-super-t1.enc}]

[36]

[37]
<imĂˇgenes/marco teĂłrico/cnn.png, id=783, 946.28531pt x 534.49687pt>
File: imĂˇgenes/marco teĂłrico/cnn.png Graphic file (type png)
<use imĂˇgenes/marco teĂłrico/cnn.png>
Package pdftex.def Info: imĂˇgenes/marco teĂłrico/cnn.png  used on input line 103.
(pdftex.def)             Requested size: 443.57848pt x 250.54478pt.


[38]
<imĂˇgenes/marco teĂłrico/capa_convolucional.png, id=788, 846.91406pt x 355.3275pt>
File: imĂˇgenes/marco teĂłrico/capa_convolucional.png Graphic file (type png)
<use imĂˇgenes/marco teĂłrico/capa_convolucional.png>
Package pdftex.def Info: imĂˇgenes/marco teĂłrico/capa_convolucional.png  used on input line 113.
(pdftex.def)             Requested size: 443.57848pt x 186.10513pt.


[39 <./imĂˇgenes/marco teĂłrico/cnn.png>]

[40 <./imĂˇgenes/marco teĂłrico/capa_convolucional.png>]
<imĂˇgenes/marco teĂłrico/capa_agrupamiento.png, id=803, 740.7675pt x 210.7875pt>
File: imĂˇgenes/marco teĂłrico/capa_agrupamiento.png Graphic file (type png)
<use imĂˇgenes/marco teĂłrico/capa_agrupamiento.png>
Package pdftex.def Info: imĂˇgenes/marco teĂłrico/capa_agrupamiento.png  used on input line 131.
(pdftex.def)             Requested size: 399.21791pt x 113.5984pt.


[41 <./imĂˇgenes/marco teĂłrico/capa_agrupamiento.png>]

[42]
<imĂˇgenes/marco teĂłrico/aplanamiento.png, id=823, 743.77875pt x 165.61874pt>
File: imĂˇgenes/marco teĂłrico/aplanamiento.png Graphic file (type png)
<use imĂˇgenes/marco teĂłrico/aplanamiento.png>
Package pdftex.def Info: imĂˇgenes/marco teĂłrico/aplanamiento.png  used on input line 147.
(pdftex.def)             Requested size: 443.57848pt x 98.7756pt.
<imĂˇgenes/marco teĂłrico/sobreajuste.png, id=824, 834.11626pt x 431.36156pt>
File: imĂˇgenes/marco teĂłrico/sobreajuste.png Graphic file (type png)
<use imĂˇgenes/marco teĂłrico/sobreajuste.png>
Package pdftex.def Info: imĂˇgenes/marco teĂłrico/sobreajuste.png  used on input line 159.
(pdftex.def)             Requested size: 443.57848pt x 229.39722pt.


[43 <./imĂˇgenes/marco teĂłrico/aplanamiento.png>]

[44 <./imĂˇgenes/marco teĂłrico/sobreajuste.png>]

[45]

[46]

[47]

[48]
<imĂˇgenes/metodologĂ­a/ArqMobilNetV2.png, id=876, 415.5525pt x 371.3875pt>
File: imĂˇgenes/metodologĂ­a/ArqMobilNetV2.png Graphic file (type png)
<use imĂˇgenes/metodologĂ­a/ArqMobilNetV2.png>
Package pdftex.def Info: imĂˇgenes/metodologĂ­a/ArqMobilNetV2.png  used on input line 217.
(pdftex.def)             Requested size: 354.86412pt x 317.15991pt.


[49]

[50 <./imĂˇgenes/metodologĂ­a/ArqMobilNetV2.png>]
<imĂˇgenes/metodologĂ­a/arqResNet50v2.jpg, id=892, 20.4765pt x 5.46843pt>
File: imĂˇgenes/metodologĂ­a/arqResNet50v2.jpg Graphic file (type jpg)
<use imĂˇgenes/metodologĂ­a/arqResNet50v2.jpg>
Package pdftex.def Info: imĂˇgenes/metodologĂ­a/arqResNet50v2.jpg  used on input line 235.
(pdftex.def)             Requested size: 443.57848pt x 118.50569pt.


[51 <./imĂˇgenes/metodologĂ­a/arqResNet50v2.jpg>]

[52]
<imĂˇgenes/metodologĂ­a/Arqinceptionv3.png, id=907, 1131.22626pt x 539.01375pt>
File: imĂˇgenes/metodologĂ­a/Arqinceptionv3.png Graphic file (type png)
<use imĂˇgenes/metodologĂ­a/Arqinceptionv3.png>
Package pdftex.def Info: imĂˇgenes/metodologĂ­a/Arqinceptionv3.png  used on input line 255.
(pdftex.def)             Requested size: 443.57848pt x 211.35774pt.


[53 <./imĂˇgenes/metodologĂ­a/Arqinceptionv3.png>]

[54]
<imĂˇgenes/metodologĂ­a/arqVgg19.jpg, id=917, 363.15675pt x 213.79875pt>
File: imĂˇgenes/metodologĂ­a/arqVgg19.jpg Graphic file (type jpg)
<use imĂˇgenes/metodologĂ­a/arqVgg19.jpg>
Package pdftex.def Info: imĂˇgenes/metodologĂ­a/arqVgg19.jpg  used on input line 275.
(pdftex.def)             Requested size: 443.57848pt x 261.16684pt.

Underfull \hbox (badness 10000) in paragraph at lines 295--295
[]|\T1/phv/b/n/12 Características
 []


Underfull \hbox (badness 10000) in paragraph at lines 295--295
[]|\T1/phv/m/n/12 Eficiencia compu-
 []


Underfull \hbox (badness 10000) in paragraph at lines 295--295
[]|\T1/phv/m/n/12 Conexiones re-si-
 []


Underfull \hbox (badness 10000) in paragraph at lines 295--295
\T1/phv/m/n/12 dua-les con pre-
 []


Underfull \hbox (badness 10000) in paragraph at lines 295--295
[]|\T1/phv/m/n/12 Entrenamiento de
 []


Underfull \hbox (badness 6825) in paragraph at lines 295--295
[]|\T1/phv/m/n/12 Módulos In-cep-tion
 []


Underfull \hbox (badness 10000) in paragraph at lines 295--295
[]|\T1/phv/m/n/12 Simplicidad ar-qui-
 []



[55 <./imĂˇgenes/metodologĂ­a/arqVgg19.jpg>]

[56]

[57]

[58]
Overfull \hbox (14.66167pt too wide) in paragraph at lines 320--321
\T1/phv/m/n/12 exis-ten-tes co-mo In-cep-tion-Res-Netv2 e In-cep-tionv3, jun-to con un nue-vo mo-de-lo DiaCNN,
 []



[59]

[60]

[61]
Overfull \hbox (1.76007pt too wide) in paragraph at lines 351--352
\T1/phv/m/n/12 tro ar-qui-tec-tu-ras CNN pre-en-tre-na-das (Mo-bi-le-NetV2, Res-Net50V2, In-cep-tionV3,
 []



[62]) (./secciones_corregidas/metodologia_corregido.tex

[63]

[64]
Cap\'{\i }tulo 4.
<imĂˇgenes/metodologĂ­a/MODELO.png, id=1003, 441.14813pt x 387.69844pt>
File: imĂˇgenes/metodologĂ­a/MODELO.png Graphic file (type png)
<use imĂˇgenes/metodologĂ­a/MODELO.png>
Package pdftex.def Info: imĂˇgenes/metodologĂ­a/MODELO.png  used on input line 9.
(pdftex.def)             Requested size: 443.57848pt x 389.85081pt.


[65

]

[66 <./imĂˇgenes/metodologĂ­a/MODELO.png>]

[67]
LaTeX Font Info:    Trying to load font information for TS1+phv on input line 39.
 (/usr/share/texmf-dist/tex/latex/psnfss/ts1phv.fd
File: ts1phv.fd 2020/03/25 scalable font definitions for TS1/phv.
)

[68]

[69]
Overfull \hbox (6.71724pt too wide) in paragraph at lines 73--73
[]|\T1/phv/b/n/12 Dataset| 
 []


Overfull \hbox (0.72923pt too wide) in paragraph at lines 73--73
[]|\T1/phv/m/n/12 Kaggle| 
 []


Overfull \hbox (31.37698pt too wide) in paragraph at lines 73--73
[]|\T1/phv/m/n/12 MESSIDOR-
 []


Overfull \hbox (11.38524pt too wide) in paragraph at lines 73--73
[]|\T1/phv/m/n/12 FOSCAL| 
 []



[70]

[71]

[72]

[73]

[74]
<imĂˇgenes/metodologĂ­a/algoritmo_braham.jpg, id=1063, 409.53pt x 339.669pt>
File: imĂˇgenes/metodologĂ­a/algoritmo_braham.jpg Graphic file (type jpg)
<use imĂˇgenes/metodologĂ­a/algoritmo_braham.jpg>
Package pdftex.def Info: imĂˇgenes/metodologĂ­a/algoritmo_braham.jpg  used on input line 161.
(pdftex.def)             Requested size: 443.57848pt x 367.93065pt.


[75]

[76 <./imĂˇgenes/metodologĂ­a/algoritmo_braham.jpg>]
<imĂˇgenes/metodologĂ­a/preprocesamiento.jpg, id=1075, 688.82344pt x 283.81032pt>
File: imĂˇgenes/metodologĂ­a/preprocesamiento.jpg Graphic file (type jpg)
<use imĂˇgenes/metodologĂ­a/preprocesamiento.jpg>
Package pdftex.def Info: imĂˇgenes/metodologĂ­a/preprocesamiento.jpg  used on input line 181.
(pdftex.def)             Requested size: 443.57848pt x 182.76393pt.


[77 <./imĂˇgenes/metodologĂ­a/preprocesamiento.jpg>]

[78]

[79]

[80]

[81]

Package tabularx Warning: X Columns too narrow (table too wide)
(tabularx)                 on input line 267.


Overfull \hbox (56.68723pt too wide) in paragraph at lines 267--267
[]|\T1/phv/b/n/12 Descripción| 
 []


Overfull \hbox (57.34743pt too wide) in paragraph at lines 267--267
[]|\T1/phv/m/n/12 Dimensiones
 []


Overfull \hbox (1.34384pt too wide) in paragraph at lines 267--267
\T1/phv/m/n/12 de
 []


Overfull \hbox (11.32779pt too wide) in paragraph at lines 267--267
\T1/phv/m/n/12 ima-
 []


Overfull \hbox (8.01576pt too wide) in paragraph at lines 267--267
\T1/phv/m/n/12 gen| 
 []


Overfull \hbox (38.85524pt too wide) in paragraph at lines 267--267
[]|\T1/phv/m/n/12 Algoritmo
 []


Overfull \hbox (1.34384pt too wide) in paragraph at lines 267--267
\T1/phv/m/n/12 de
 []


Overfull \hbox (5.3398pt too wide) in paragraph at lines 267--267
\T1/phv/m/n/12 op-
 []


Underfull \hbox (badness 10000) in paragraph at lines 267--267
\T1/phv/m/n/12 ti-
 []


Overfull \hbox (4.65587pt too wide) in paragraph at lines 267--267
\T1/phv/m/n/12 mi-
 []


Overfull \hbox (4.66788pt too wide) in paragraph at lines 267--267
\T1/phv/m/n/12 za-
 []


Overfull \hbox (10.0078pt too wide) in paragraph at lines 267--267
\T1/phv/m/n/12 ción| 
 []


Overfull \hbox (13.23589pt too wide) in paragraph at lines 267--267
[]|\T1/phv/m/n/12 Tasa
 []


Overfull \hbox (1.34384pt too wide) in paragraph at lines 267--267
\T1/phv/m/n/12 de
 []


Overfull \hbox (22.6796pt too wide) in paragraph at lines 267--267
\T1/phv/m/n/12 apren-
 []


Overfull \hbox (1.33183pt too wide) in paragraph at lines 267--267
\T1/phv/m/n/12 di-
 []


Overfull \hbox (4.66788pt too wide) in paragraph at lines 267--267
\T1/phv/m/n/12 za-
 []


Overfull \hbox (30.57568pt too wide) in paragraph at lines 267--267
[]|\T1/phv/m/n/12 Tamańo
 []


Overfull \hbox (1.34384pt too wide) in paragraph at lines 267--267
\T1/phv/m/n/12 de
 []


Overfull \hbox (1.33183pt too wide) in paragraph at lines 267--267
\T1/phv/m/n/12 lo-
 []


Overfull \hbox (30.67163pt too wide) in paragraph at lines 267--267
[]|\T1/phv/m/n/12 Número
 []


Overfull \hbox (8.66383pt too wide) in paragraph at lines 267--267
\T1/phv/m/n/12 má-
 []


Overfull \hbox (0.65991pt too wide) in paragraph at lines 267--267
\T1/phv/m/n/12 xi-
 []


Overfull \hbox (4.66788pt too wide) in paragraph at lines 267--267
\T1/phv/m/n/12 mo
 []


Overfull \hbox (1.34384pt too wide) in paragraph at lines 267--267
\T1/phv/m/n/12 de
 []


Overfull \hbox (12.01172pt too wide) in paragraph at lines 267--267
\T1/phv/m/n/12 épo-
 []


Overfull \hbox (6.67192pt too wide) in paragraph at lines 267--267
\T1/phv/m/n/12 cas| 
 []


Overfull \hbox (13.23589pt too wide) in paragraph at lines 267--267
[]|\T1/phv/m/n/12 Tasa
 []


Overfull \hbox (1.34384pt too wide) in paragraph at lines 267--267
\T1/phv/m/n/12 de
 []


Overfull \hbox (18.68364pt too wide) in paragraph at lines 267--267
\T1/phv/m/n/12 aban-
 []


Overfull \hbox (14.68768pt too wide) in paragraph at lines 267--267
\T1/phv/m/n/12 dono| 
 []


Overfull \hbox (21.40765pt too wide) in paragraph at lines 267--267
[]|\T1/phv/m/n/12 Factor
 []


Overfull \hbox (1.34384pt too wide) in paragraph at lines 267--267
\T1/phv/m/n/12 de
 []


Overfull \hbox (2.66383pt too wide) in paragraph at lines 267--267
\T1/phv/m/n/12 re-
 []


Overfull \hbox (5.3398pt too wide) in paragraph at lines 267--267
\T1/phv/m/n/12 gu-
 []


Overfull \hbox (1.33183pt too wide) in paragraph at lines 267--267
\T1/phv/m/n/12 la-
 []


Underfull \hbox (badness 10000) in paragraph at lines 267--267
\T1/phv/m/n/12 ri-
 []


Overfull \hbox (4.66788pt too wide) in paragraph at lines 267--267
\T1/phv/m/n/12 za-
 []


Overfull \hbox (10.0078pt too wide) in paragraph at lines 267--267
\T1/phv/m/n/12 ción| 
 []


Overfull \hbox (46.67955pt too wide) in paragraph at lines 267--267
[]|\T1/phv/m/n/12 Desviación
 []


Overfull \hbox (4.66788pt too wide) in paragraph at lines 267--267
\T1/phv/m/n/12 es-
 []


Overfull \hbox (8.67567pt too wide) in paragraph at lines 267--267
\T1/phv/m/n/12 tán-
 []


Overfull \hbox (5.3398pt too wide) in paragraph at lines 267--267
\T1/phv/m/n/12 dar
 []


Overfull \hbox (4.0078pt too wide) in paragraph at lines 267--267
\T1/phv/m/n/12 del
 []


Overfull \hbox (5.50766pt too wide) in paragraph at lines 267--267
\T1/phv/m/n/12 rui-
 []


Overfull \hbox (1.34384pt too wide) in paragraph at lines 267--267
\T1/phv/m/n/12 do| 
 []


Overfull \hbox (39.53961pt too wide) in paragraph at lines 267--267
[]|\T1/phv/m/n/12 Paciencia
 []


Overfull \hbox (5.3398pt too wide) in paragraph at lines 267--267
\T1/phv/m/n/12 pa-
 []


Underfull \hbox (badness 10000) in paragraph at lines 267--267
\T1/phv/m/n/12 ra
 []


Overfull \hbox (5.3398pt too wide) in paragraph at lines 267--267
\T1/phv/m/n/12 pa-
 []


Overfull \hbox (2.54385pt too wide) in paragraph at lines 267--267
\T1/phv/m/n/12 ra-
 []


Overfull \hbox (1.34384pt too wide) in paragraph at lines 267--267
\T1/phv/m/n/12 da
 []


Overfull \hbox (11.99971pt too wide) in paragraph at lines 267--267
\T1/phv/m/n/12 tem-
 []


Overfull \hbox (9.21577pt too wide) in paragraph at lines 267--267
\T1/phv/m/n/12 pra-
 []


Overfull \hbox (1.34384pt too wide) in paragraph at lines 267--267
\T1/phv/m/n/12 na| 
 []


Overfull \hbox (30.68362pt too wide) in paragraph at lines 267--267
[]|\T1/phv/m/n/12 Función
 []


Overfull \hbox (5.3398pt too wide) in paragraph at lines 267--267
\T1/phv/m/n/12 ob-
 []


Overfull \hbox (1.33183pt too wide) in paragraph at lines 267--267
\T1/phv/m/n/12 je-
 []


Underfull \hbox (badness 10000) in paragraph at lines 267--267
\T1/phv/m/n/12 ti-
 []


Overfull \hbox (61.90733pt too wide) in paragraph at lines 267--267
[]|\T1/phv/m/n/12 Configuración
 []


Overfull \hbox (4.0078pt too wide) in paragraph at lines 267--267
\T1/phv/m/n/12 del
 []


Overfull \hbox (4.67972pt too wide) in paragraph at lines 267--267
\T1/phv/m/n/12 top
 []


Overfull \hbox (8.66383pt too wide) in paragraph at lines 267--267
\T1/phv/m/n/12 mo-
 []


Overfull \hbox (4.0078pt too wide) in paragraph at lines 267--267
\T1/phv/m/n/12 del| 
 []


Overfull \hbox (30.68362pt too wide) in paragraph at lines 267--267
[]|\T1/phv/m/n/12 Función
 []


Overfull \hbox (1.34384pt too wide) in paragraph at lines 267--267
\T1/phv/m/n/12 de
 []


Overfull \hbox (4.66788pt too wide) in paragraph at lines 267--267
\T1/phv/m/n/12 ac-
 []


Underfull \hbox (badness 10000) in paragraph at lines 267--267
\T1/phv/m/n/12 ti-
 []


Overfull \hbox (4.36787pt too wide) in paragraph at lines 267--267
\T1/phv/m/n/12 va-
 []


Overfull \hbox (10.0078pt too wide) in paragraph at lines 267--267
\T1/phv/m/n/12 ción
 []


Underfull \hbox (badness 10000) in paragraph at lines 267--267
\T1/phv/m/n/12 fi-
 []


Overfull \hbox (4.0078pt too wide) in paragraph at lines 267--267
\T1/phv/m/n/12 nal| 
 []


Overfull \hbox (30.67163pt too wide) in paragraph at lines 267--267
[]|\T1/phv/m/n/12 Número
 []


Overfull \hbox (1.34384pt too wide) in paragraph at lines 267--267
\T1/phv/m/n/12 de
 []


Overfull \hbox (7.33183pt too wide) in paragraph at lines 267--267
\T1/phv/m/n/12 cla-
 []


Overfull \hbox (6.67192pt too wide) in paragraph at lines 267--267
\T1/phv/m/n/12 ses| 
 []


Overfull \hbox (18.57278pt too wide) in alignment at lines 267--267
[][][][] 
 []



[82]
Overfull \vbox (1237.79265pt too high) has occurred while \output is active []



[83]

[84]

[85]

[86]

[87]

[88]) (./secciones_corregidas/resultados_corregido.tex

[89]
Cap\'{\i }tulo 5.


[90

]
Overfull \hbox (5.30923pt too wide) in paragraph at lines 34--34
 []|\T1/phv/m/n/12 Sensibilidad| 
 []


Overfull \hbox (11.3094pt too wide) in paragraph at lines 34--34
 []|\T1/phv/m/n/12 Especificidad| 
 []



[91]
Overfull \hbox (2.7615pt too wide) in paragraph at lines 132--132
 []|\T1/phv/m/n/12 Sensibilidad| 
 []


Overfull \hbox (8.76167pt too wide) in paragraph at lines 132--132
 []|\T1/phv/m/n/12 Especificidad| 
 []


Overfull \hbox (6.75746pt too wide) in paragraph at lines 132--132
 []|[]| 
 []


Overfull \hbox (6.09755pt too wide) in paragraph at lines 132--132
 []|[]| 
 []


Overfull \hbox (1.44139pt too wide) in paragraph at lines 132--132
 []|[]| 
 []



[92]

[93]

[94]
Overfull \hbox (6.09755pt too wide) in paragraph at lines 246--246
 []|[]| 
 []


Overfull \hbox (1.44139pt too wide) in paragraph at lines 246--246
 []|[]| 
 []


Overfull \hbox (6.75746pt too wide) in paragraph at lines 246--246
 []|[]| 
 []



[95]

[96]

[97]
Overfull \hbox (19.79478pt too wide) in paragraph at lines 366--366
[]|\T1/phv/m/n/12 Arquitectura| 
 []


Overfull \hbox (19.91489pt too wide) in paragraph at lines 366--366
 []|\T1/phv/m/n/12 Sensibilidad| 
 []


Overfull \hbox (3.91895pt too wide) in paragraph at lines 366--366
[]|\T1/phv/m/n/12 Inception
 []


Underfull \hbox (badness 2020) in paragraph at lines 366--366
\T1/phv/m/n/12 V3 per-
 []


Underfull \hbox (badness 10000) in paragraph at lines 366--366
\T1/phv/m/n/12 so-na-li-
 []


Underfull \hbox (badness 10000) in paragraph at lines 366--366
[]|\T1/phv/m/n/12 ResNet-
 []


Underfull \hbox (badness 10000) in paragraph at lines 366--366
[]|\T1/phv/m/n/12 VGG16
 []


Underfull \hbox (badness 7558) in paragraph at lines 366--366
\T1/phv/m/n/12 + Den-
 []


Overfull \hbox (23.91084pt too wide) in paragraph at lines 366--366
[]|\T1/phv/m/n/12 MobileNetV2
 []


Overfull \hbox (27.2349pt too wide) in paragraph at lines 366--366
[]|\T1/phv/b/n/12 MobileNetV2
 []



[98]

[99]

LaTeX Warning: Reference `tab:conf-matrix-rgb-mobile' on page 100 undefined on input line 379.


LaTeX Warning: Reference `tab:conf-matrix-rgb-vgg' on page 100 undefined on input line 379.



[100]
Overfull \hbox (4.43623pt too wide) in paragraph at lines 411--411
 []|\T1/phv/m/n/12 Sensibilidad 
 []


Overfull \hbox (10.4364pt too wide) in paragraph at lines 411--411
 []|\T1/phv/m/n/12 Especificidad 
 []



[101]

LaTeX Warning: Reference `fig:comparacion-canales' on page 102 undefined on input line 418.



[102]

[103]

LaTeX Warning: Reference `chap:discusion' on page 104 undefined on input line 450.

) (./secciones/discusion.tex

[104]
Cap\'{\i }tulo 6.

Overfull \hbox (0.58487pt too wide) in paragraph at lines 9--10
[]\T1/phv/m/n/12 La su-pe-rio-ri-dad de Mo-bi-le-NetV2 so-bre las de-más ar-qui-tec-tu-ras eva-lua-das ---VGG19,
 []



[105

]

[106]

[107]

[108]

[109]

[110]) (./secciones/conclusiones.tex

[111]
Cap\'{\i }tulo 7.


[112

]) (./secciones/trabajo_futuro.tex

[113]
Cap\'{\i }tulo 8.


[114

])

[115]
Overfull \hbox (3.68616pt too wide) in paragraph at lines 130--130
\T1/phv/m/n/12 works^^T. En: \T1/phv/m/sl/12 CMES-Computer Mo-de-ling in En-gi-nee-ring and Scien-ces \T1/phv/m/n/12 141.1 (2024)
 []



[116

]

[117]

[118]

[119]

[120]
Overfull \hbox (22.0978pt too wide) in paragraph at lines 130--130
\T1/phv/m/n/12 on ar-ti-fi-cial neu-ral net-works^^T. En: \T1/phv/m/sl/12 Cham, Switzer-land: Sprin-ger \T1/phv/m/n/12 (2018), págs. 270[]279
 []



[121]
Overfull \hbox (9.95013pt too wide) in paragraph at lines 130--130
\T1/phv/m/n/12 con-vo-lu-tio-nal neu-ral net-works with sy-nap-tic me-ta-plas-ti-city^^T. En: \T1/phv/m/sl/12 Com-pu-ter Methods
 []



[122] (./main_file.aux
LaTeX Info: Redefining \sptext on input line 20.
LaTeX Info: Redefining \. on input line 20.
LaTeX Info: Redefining \% on input line 20.
 (./secciones_corregidas/resumen_corregido.aux) (./secciones_corregidas/abstract_corregido.aux))
 ***********
LaTeX2e <2024-11-01> patch level 2
L3 programming layer <2025-01-18>
 ***********


LaTeX Warning: There were undefined references.

Package rerunfilecheck Info: File `main_file.out' has not changed.
(rerunfilecheck)             Checksum: 5BDDBC88BF22D8682130F941B2C68ADD;14311.
Package logreq Info: Writing requests to 'main_file.run.xml'.
\openout1 = `main_file.run.xml'.

 ) 
Here is how much of TeX's memory you used:
 37117 strings out of 475109
 696118 string characters out of 5765325
 1305675 words of memory out of 5000000
 59100 multiletter control sequences out of 15000+600000
 605447 words of font info for 94 fonts, out of 8000000 for 9000
 42 hyphenation exceptions out of 8191
 90i,12n,95p,2326b,2352s stack positions out of 10000i,1000n,20000p,200000b,200000s

pdfTeX warning (dest): name{Hfootnote.54} has been referenced but does not exist, replaced by a fixed one


pdfTeX warning (dest): name{Hfootnote.53} has been referenced but does not exist, replaced by a fixed one


pdfTeX warning (dest): name{Hfootnote.52} has been referenced but does not exist, replaced by a fixed one


pdfTeX warning (dest): name{Hfootnote.51} has been referenced but does not exist, replaced by a fixed one


pdfTeX warning (dest): name{Hfootnote.50} has been referenced but does not exist, replaced by a fixed one


pdfTeX warning (dest): name{Hfootnote.49} has been referenced but does not exist, replaced by a fixed one


pdfTeX warning (dest): name{Hfootnote.48} has been referenced but does not exist, replaced by a fixed one


pdfTeX warning (dest): name{Hfootnote.47} has been referenced but does not exist, replaced by a fixed one


pdfTeX warning (dest): name{Hfootnote.46} has been referenced but does not exist, replaced by a fixed one


pdfTeX warning (dest): name{Hfootnote.45} has been referenced but does not exist, replaced by a fixed one


pdfTeX warning (dest): name{Hfootnote.44} has been referenced but does not exist, replaced by a fixed one


pdfTeX warning (dest): name{Hfootnote.43} has been referenced but does not exist, replaced by a fixed one


pdfTeX warning (dest): name{Hfootnote.42} has been referenced but does not exist, replaced by a fixed one


pdfTeX warning (dest): name{Hfootnote.41} has been referenced but does not exist, replaced by a fixed one


pdfTeX warning (dest): name{Hfootnote.40} has been referenced but does not exist, replaced by a fixed one


pdfTeX warning (dest): name{Hfootnote.39} has been referenced but does not exist, replaced by a fixed one


pdfTeX warning (dest): name{Hfootnote.38} has been referenced but does not exist, replaced by a fixed one


pdfTeX warning (dest): name{Hfootnote.37} has been referenced but does not exist, replaced by a fixed one


pdfTeX warning (dest): name{Hfootnote.36} has been referenced but does not exist, replaced by a fixed one


pdfTeX warning (dest): name{Hfootnote.35} has been referenced but does not exist, replaced by a fixed one


pdfTeX warning (dest): name{Hfootnote.34} has been referenced but does not exist, replaced by a fixed one


pdfTeX warning (dest): name{Hfootnote.33} has been referenced but does not exist, replaced by a fixed one


pdfTeX warning (dest): name{Hfootnote.32} has been referenced but does not exist, replaced by a fixed one


pdfTeX warning (dest): name{Hfootnote.31} has been referenced but does not exist, replaced by a fixed one


pdfTeX warning (dest): name{Hfootnote.30} has been referenced but does not exist, replaced by a fixed one


pdfTeX warning (dest): name{Hfootnote.29} has been referenced but does not exist, replaced by a fixed one


pdfTeX warning (dest): name{Hfootnote.28} has been referenced but does not exist, replaced by a fixed one


pdfTeX warning (dest): name{Hfootnote.27} has been referenced but does not exist, replaced by a fixed one


pdfTeX warning (dest): name{Hfootnote.26} has been referenced but does not exist, replaced by a fixed one


pdfTeX warning (dest): name{Hfootnote.25} has been referenced but does not exist, replaced by a fixed one


pdfTeX warning (dest): name{Hfootnote.24} has been referenced but does not exist, replaced by a fixed one


pdfTeX warning (dest): name{Hfootnote.23} has been referenced but does not exist, replaced by a fixed one


pdfTeX warning (dest): name{Hfootnote.22} has been referenced but does not exist, replaced by a fixed one


pdfTeX warning (dest): name{Hfootnote.21} has been referenced but does not exist, replaced by a fixed one


pdfTeX warning (dest): name{Hfootnote.20} has been referenced but does not exist, replaced by a fixed one


pdfTeX warning (dest): name{Hfootnote.19} has been referenced but does not exist, replaced by a fixed one


pdfTeX warning (dest): name{Hfootnote.18} has been referenced but does not exist, replaced by a fixed one


pdfTeX warning (dest): name{Hfootnote.17} has been referenced but does not exist, replaced by a fixed one


pdfTeX warning (dest): name{Hfootnote.16} has been referenced but does not exist, replaced by a fixed one


pdfTeX warning (dest): name{Hfootnote.15} has been referenced but does not exist, replaced by a fixed one


pdfTeX warning (dest): name{Hfootnote.14} has been referenced but does not exist, replaced by a fixed one


pdfTeX warning (dest): name{Hfootnote.13} has been referenced but does not exist, replaced by a fixed one


pdfTeX warning (dest): name{Hfootnote.12} has been referenced but does not exist, replaced by a fixed one


pdfTeX warning (dest): name{Hfootnote.11} has been referenced but does not exist, replaced by a fixed one


pdfTeX warning (dest): name{Hfootnote.10} has been referenced but does not exist, replaced by a fixed one


pdfTeX warning (dest): name{Hfootnote.9} has been referenced but does not exist, replaced by a fixed one


pdfTeX warning (dest): name{Hfootnote.8} has been referenced but does not exist, replaced by a fixed one


pdfTeX warning (dest): name{Hfootnote.7} has been referenced but does not exist, replaced by a fixed one


pdfTeX warning (dest): name{Hfootnote.6} has been referenced but does not exist, replaced by a fixed one


pdfTeX warning (dest): name{Hfootnote.5} has been referenced but does not exist, replaced by a fixed one


pdfTeX warning (dest): name{Hfootnote.4} has been referenced but does not exist, replaced by a fixed one


pdfTeX warning (dest): name{Hfootnote.3} has been referenced but does not exist, replaced by a fixed one


pdfTeX warning (dest): name{Hfootnote.2} has been referenced but does not exist, replaced by a fixed one


pdfTeX warning (dest): name{Hfootnote.1} has been referenced but does not exist, replaced by a fixed one

</usr/share/texmf-dist/fonts/type1/public/amsfonts/cm/cmex10.pfb></usr/share/texmf-dist/fonts/type1/public/amsfonts/cm/cmmi12.pfb></usr/share/texmf-dist/fonts/type1/public/amsfonts/cm/cmmi8.pfb></usr/share/texmf-dist/fonts/type1/public/amsfonts/cm/cmr12.pfb></usr/share/texmf-dist/fonts/type1/public/amsfonts/cm/cmr8.pfb></usr/share/texmf-dist/fonts/type1/public/amsfonts/cm/cmsy10.pfb></usr/share/texmf-dist/fonts/type1/public/amsfonts/cm/cmsy8.pfb></usr/share/texmf-dist/fonts/type1/public/cm-super/sftt1000.pfb></usr/share/texmf-dist/fonts/type1/public/cm-super/sftt1200.pfb></usr/share/texmf-dist/fonts/type1/urw/helvetic/uhvb8a.pfb></usr/share/texmf-dist/fonts/type1/urw/helvetic/uhvr8a.pfb></usr/share/texmf-dist/fonts/type1/urw/helvetic/uhvro8a.pfb>
Output written on main_file.pdf (122 pages, 3678098 bytes).
PDF statistics:
 1552 PDF objects out of 1728 (max. 8388607)
 1361 compressed objects within 14 object streams
 402 named destinations out of 1000 (max. 500000)
 615 words of extra memory for PDF output out of 10000 (max. 10000000)

